<?xml version="1.0" encoding="utf-8"?>
<CoverageSession xmlns:xsd="http://www.w3.org/2001/XMLSchema" xmlns:xsi="http://www.w3.org/2001/XMLSchema-instance" Version="0.0.0.0">
  <Summary numSequencePoints="813" visitedSequencePoints="709" numBranchPoints="0" visitedBranchPoints="0" sequenceCoverage="87.21" branchCoverage="0.0" maxCyclomaticComplexity="0" minCyclomaticComplexity="0" maxCrapScore="0" minCrapScore="0" visitedClasses="24" numClasses="24" visitedMethods="105" numMethods="105" />
  <Modules>
    <Module>
      <Summary numSequencePoints="813" visitedSequencePoints="709" numBranchPoints="0" visitedBranchPoints="0" sequenceCoverage="87.21" branchCoverage="0.0" maxCyclomaticComplexity="0" minCyclomaticComplexity="0" maxCrapScore="0" minCrapScore="0" visitedClasses="24" numClasses="24" visitedMethods="105" numMethods="105" />
      <ModuleTime>0001-01-01T00:00:00</ModuleTime>
      <ModuleName>Scripts</ModuleName>
      <Files>
        <File uid="1" fullPath="C:/Users/akmoi/Desktop/PROVA/AgoraUnity/Assets/Scripts/AgoraRTCManager.cs" />
        <File uid="2" fullPath="C:/Users/akmoi/Desktop/PROVA/AgoraUnity/Assets/Scripts/AgoraRTMManager.cs" />
        <File uid="3" fullPath="C:/Users/akmoi/Desktop/PROVA/AgoraUnity/Assets/Scripts/AnchorManager.cs" />
        <File uid="4" fullPath="C:/Users/akmoi/Desktop/PROVA/AgoraUnity/Assets/Scripts/AnchorSpawner.cs" />
        <File uid="5" fullPath="C:/Users/akmoi/Desktop/PROVA/AgoraUnity/Assets/Scripts/AudioManager.cs" />
        <File uid="6" fullPath="C:/Users/akmoi/Desktop/PROVA/AgoraUnity/Assets/Scripts/CallManager.cs" />
        <File uid="7" fullPath="C:/Users/akmoi/Desktop/PROVA/AgoraUnity/Assets/Scripts/ChatManager.cs" />
        <File uid="8" fullPath="C:/Users/akmoi/Desktop/PROVA/AgoraUnity/Assets/Scripts/DestroyAnchor.cs" />
        <File uid="9" fullPath="C:/Users/akmoi/Desktop/PROVA/AgoraUnity/Assets/Scripts/LookAtCamera.cs" />
        <File uid="10" fullPath="C:/Users/akmoi/Desktop/PROVA/AgoraUnity/Assets/Scripts/NameDisplayer.cs" />
        <File uid="11" fullPath="C:/Users/akmoi/Desktop/PROVA/AgoraUnity/Assets/Scripts/Popup.cs" />
        <File uid="12" fullPath="C:/Users/akmoi/Desktop/PROVA/AgoraUnity/Assets/Scripts/User.cs" />
        <File uid="13" fullPath="C:/Users/akmoi/Desktop/PROVA/AgoraUnity/Assets/Scripts/UserManager.cs" />
      </Files>
      <Classes>
        <Class>
          <Summary numSequencePoints="82" visitedSequencePoints="82" numBranchPoints="0" visitedBranchPoints="0" sequenceCoverage="100.0" branchCoverage="0.0" maxCyclomaticComplexity="0" minCyclomaticComplexity="0" maxCrapScore="0" minCrapScore="0" visitedClasses="1" numClasses="1" visitedMethods="11" numMethods="11" />
          <FullName>AgoraRTCManager</FullName>
          <Methods>
            <Method visited="true" cyclomaticComplexity="0" nPathComplexity="0" sequenceCoverage="100.0" branchCoverage="0" crapScore="0" isConstructor="false" isStatic="false" isGetter="false" isSetter="false">
              <Summary numSequencePoints="19" visitedSequencePoints="19" numBranchPoints="0" visitedBranchPoints="0" sequenceCoverage="100.0" branchCoverage="0" maxCyclomaticComplexity="0" minCyclomaticComplexity="0" maxCrapScore="0" minCrapScore="0" visitedClasses="0" numClasses="0" visitedMethods="1" numMethods="1" />
              <MetadataToken>100663298</MetadataToken>
              <Name>System.Void AgoraRTCManager::InitEngine()</Name>
              <FileRef uid="1" />
              <SequencePoints>
                <SequencePoint vc="17" uspid="802" ordinal="0" offset="0" sl="61" sc="5" el="61" ec="5" bec="0" bev="0" fileid="1" />
                <SequencePoint vc="17" uspid="803" ordinal="0" offset="1" sl="62" sc="9" el="62" ec="9" bec="0" bev="0" fileid="1" />
                <SequencePoint vc="17" uspid="804" ordinal="0" offset="12" sl="63" sc="9" el="63" ec="9" bec="0" bev="0" fileid="1" />
                <SequencePoint vc="17" uspid="805" ordinal="0" offset="19" sl="64" sc="9" el="64" ec="9" bec="0" bev="0" fileid="1" />
                <SequencePoint vc="17" uspid="806" ordinal="0" offset="25" sl="65" sc="9" el="65" ec="9" bec="0" bev="0" fileid="1" />
                <SequencePoint vc="17" uspid="807" ordinal="0" offset="37" sl="66" sc="9" el="66" ec="9" bec="0" bev="0" fileid="1" />
                <SequencePoint vc="17" uspid="808" ordinal="0" offset="44" sl="67" sc="9" el="67" ec="9" bec="0" bev="0" fileid="1" />
                <SequencePoint vc="17" uspid="809" ordinal="0" offset="51" sl="69" sc="9" el="69" ec="9" bec="0" bev="0" fileid="1" />
                <SequencePoint vc="17" uspid="810" ordinal="0" offset="64" sl="71" sc="9" el="71" ec="9" bec="0" bev="0" fileid="1" />
                <SequencePoint vc="17" uspid="811" ordinal="0" offset="77" sl="74" sc="9" el="74" ec="9" bec="0" bev="0" fileid="1" />
                <SequencePoint vc="17" uspid="812" ordinal="0" offset="89" sl="75" sc="9" el="75" ec="9" bec="0" bev="0" fileid="1" />
                <SequencePoint vc="17" uspid="813" ordinal="0" offset="101" sl="76" sc="9" el="76" ec="9" bec="0" bev="0" fileid="1" />
                <SequencePoint vc="17" uspid="814" ordinal="0" offset="107" sl="77" sc="9" el="77" ec="9" bec="0" bev="0" fileid="1" />
                <SequencePoint vc="17" uspid="815" ordinal="0" offset="128" sl="78" sc="9" el="78" ec="9" bec="0" bev="0" fileid="1" />
                <SequencePoint vc="17" uspid="816" ordinal="0" offset="136" sl="79" sc="9" el="79" ec="9" bec="0" bev="0" fileid="1" />
                <SequencePoint vc="17" uspid="817" ordinal="0" offset="143" sl="80" sc="9" el="80" ec="9" bec="0" bev="0" fileid="1" />
                <SequencePoint vc="17" uspid="818" ordinal="0" offset="156" sl="81" sc="9" el="81" ec="9" bec="0" bev="0" fileid="1" />
                <SequencePoint vc="17" uspid="819" ordinal="0" offset="169" sl="82" sc="9" el="82" ec="9" bec="0" bev="0" fileid="1" />
                <SequencePoint vc="17" uspid="820" ordinal="0" offset="182" sl="83" sc="5" el="83" ec="5" bec="0" bev="0" fileid="1" />
              </SequencePoints>
              <BranchPoints />
            </Method>
            <Method visited="true" cyclomaticComplexity="0" nPathComplexity="0" sequenceCoverage="100.0" branchCoverage="0" crapScore="0" isConstructor="false" isStatic="false" isGetter="false" isSetter="false">
              <Summary numSequencePoints="3" visitedSequencePoints="3" numBranchPoints="0" visitedBranchPoints="0" sequenceCoverage="100.0" branchCoverage="0" maxCyclomaticComplexity="0" minCyclomaticComplexity="0" maxCrapScore="0" minCrapScore="0" visitedClasses="0" numClasses="0" visitedMethods="1" numMethods="1" />
              <MetadataToken>100663299</MetadataToken>
              <Name>System.Void AgoraRTCManager::JoinChannel(System.UInt32)</Name>
              <FileRef uid="1" />
              <SequencePoints>
                <SequencePoint vc="3" uspid="821" ordinal="0" offset="0" sl="86" sc="5" el="86" ec="5" bec="0" bev="0" fileid="1" />
                <SequencePoint vc="3" uspid="822" ordinal="0" offset="1" sl="87" sc="9" el="87" ec="9" bec="0" bev="0" fileid="1" />
                <SequencePoint vc="3" uspid="823" ordinal="0" offset="31" sl="90" sc="5" el="90" ec="5" bec="0" bev="0" fileid="1" />
              </SequencePoints>
              <BranchPoints />
            </Method>
            <Method visited="true" cyclomaticComplexity="0" nPathComplexity="0" sequenceCoverage="100.0" branchCoverage="0" crapScore="0" isConstructor="false" isStatic="false" isGetter="false" isSetter="false">
              <Summary numSequencePoints="3" visitedSequencePoints="3" numBranchPoints="0" visitedBranchPoints="0" sequenceCoverage="100.0" branchCoverage="0" maxCyclomaticComplexity="0" minCyclomaticComplexity="0" maxCrapScore="0" minCrapScore="0" visitedClasses="0" numClasses="0" visitedMethods="1" numMethods="1" />
              <MetadataToken>100663300</MetadataToken>
              <Name>System.Void AgoraRTCManager::LeaveChannel()</Name>
              <FileRef uid="1" />
              <SequencePoints>
                <SequencePoint vc="2" uspid="824" ordinal="0" offset="0" sl="93" sc="5" el="93" ec="5" bec="0" bev="0" fileid="1" />
                <SequencePoint vc="2" uspid="825" ordinal="0" offset="1" sl="94" sc="9" el="94" ec="9" bec="0" bev="0" fileid="1" />
                <SequencePoint vc="2" uspid="826" ordinal="0" offset="13" sl="95" sc="5" el="95" ec="5" bec="0" bev="0" fileid="1" />
              </SequencePoints>
              <BranchPoints />
            </Method>
            <Method visited="true" cyclomaticComplexity="0" nPathComplexity="0" sequenceCoverage="100.0" branchCoverage="0" crapScore="0" isConstructor="false" isStatic="false" isGetter="false" isSetter="false">
              <Summary numSequencePoints="6" visitedSequencePoints="6" numBranchPoints="0" visitedBranchPoints="0" sequenceCoverage="100.0" branchCoverage="0" maxCyclomaticComplexity="0" minCyclomaticComplexity="0" maxCrapScore="0" minCrapScore="0" visitedClasses="0" numClasses="0" visitedMethods="1" numMethods="1" />
              <MetadataToken>100663301</MetadataToken>
              <Name>System.Void AgoraRTCManager::StartPublish()</Name>
              <FileRef uid="1" />
              <SequencePoints>
                <SequencePoint vc="3" uspid="827" ordinal="0" offset="0" sl="111" sc="5" el="111" ec="5" bec="0" bev="0" fileid="1" />
                <SequencePoint vc="3" uspid="828" ordinal="0" offset="1" sl="112" sc="9" el="112" ec="9" bec="0" bev="0" fileid="1" />
                <SequencePoint vc="3" uspid="829" ordinal="0" offset="7" sl="113" sc="9" el="113" ec="9" bec="0" bev="0" fileid="1" />
                <SequencePoint vc="3" uspid="830" ordinal="0" offset="20" sl="114" sc="9" el="114" ec="9" bec="0" bev="0" fileid="1" />
                <SequencePoint vc="3" uspid="831" ordinal="0" offset="33" sl="115" sc="9" el="115" ec="9" bec="0" bev="0" fileid="1" />
                <SequencePoint vc="3" uspid="832" ordinal="0" offset="56" sl="116" sc="5" el="116" ec="5" bec="0" bev="0" fileid="1" />
              </SequencePoints>
              <BranchPoints />
            </Method>
            <Method visited="true" cyclomaticComplexity="0" nPathComplexity="0" sequenceCoverage="100.0" branchCoverage="0" crapScore="0" isConstructor="false" isStatic="false" isGetter="false" isSetter="false">
              <Summary numSequencePoints="6" visitedSequencePoints="6" numBranchPoints="0" visitedBranchPoints="0" sequenceCoverage="100.0" branchCoverage="0" maxCyclomaticComplexity="0" minCyclomaticComplexity="0" maxCrapScore="0" minCrapScore="0" visitedClasses="0" numClasses="0" visitedMethods="1" numMethods="1" />
              <MetadataToken>100663302</MetadataToken>
              <Name>System.Void AgoraRTCManager::StopPublish()</Name>
              <FileRef uid="1" />
              <SequencePoints>
                <SequencePoint vc="3" uspid="833" ordinal="0" offset="0" sl="119" sc="5" el="119" ec="5" bec="0" bev="0" fileid="1" />
                <SequencePoint vc="3" uspid="834" ordinal="0" offset="1" sl="120" sc="9" el="120" ec="9" bec="0" bev="0" fileid="1" />
                <SequencePoint vc="3" uspid="835" ordinal="0" offset="7" sl="121" sc="9" el="121" ec="9" bec="0" bev="0" fileid="1" />
                <SequencePoint vc="3" uspid="836" ordinal="0" offset="20" sl="122" sc="9" el="122" ec="9" bec="0" bev="0" fileid="1" />
                <SequencePoint vc="3" uspid="837" ordinal="0" offset="33" sl="123" sc="9" el="123" ec="9" bec="0" bev="0" fileid="1" />
                <SequencePoint vc="3" uspid="838" ordinal="0" offset="56" sl="124" sc="5" el="124" ec="5" bec="0" bev="0" fileid="1" />
              </SequencePoints>
              <BranchPoints />
            </Method>
            <Method visited="true" cyclomaticComplexity="0" nPathComplexity="0" sequenceCoverage="100.0" branchCoverage="0" crapScore="0" isConstructor="false" isStatic="false" isGetter="false" isSetter="false">
              <Summary numSequencePoints="7" visitedSequencePoints="7" numBranchPoints="0" visitedBranchPoints="0" sequenceCoverage="100.0" branchCoverage="0" maxCyclomaticComplexity="0" minCyclomaticComplexity="0" maxCrapScore="0" minCrapScore="0" visitedClasses="0" numClasses="0" visitedMethods="1" numMethods="1" />
              <MetadataToken>100663303</MetadataToken>
              <Name>System.Void AgoraRTCManager::AdjustVideoEncodedConfiguration640()</Name>
              <FileRef uid="1" />
              <SequencePoints>
                <SequencePoint vc="2" uspid="839" ordinal="0" offset="0" sl="127" sc="5" el="127" ec="5" bec="0" bev="0" fileid="1" />
                <SequencePoint vc="2" uspid="840" ordinal="0" offset="1" sl="128" sc="9" el="128" ec="9" bec="0" bev="0" fileid="1" />
                <SequencePoint vc="2" uspid="841" ordinal="0" offset="7" sl="129" sc="9" el="129" ec="9" bec="0" bev="0" fileid="1" />
                <SequencePoint vc="2" uspid="842" ordinal="0" offset="28" sl="130" sc="9" el="130" ec="9" bec="0" bev="0" fileid="1" />
                <SequencePoint vc="2" uspid="843" ordinal="0" offset="36" sl="131" sc="9" el="131" ec="9" bec="0" bev="0" fileid="1" />
                <SequencePoint vc="2" uspid="844" ordinal="0" offset="43" sl="132" sc="9" el="132" ec="9" bec="0" bev="0" fileid="1" />
                <SequencePoint vc="2" uspid="845" ordinal="0" offset="56" sl="133" sc="5" el="133" ec="5" bec="0" bev="0" fileid="1" />
              </SequencePoints>
              <BranchPoints />
            </Method>
            <Method visited="true" cyclomaticComplexity="0" nPathComplexity="0" sequenceCoverage="100.0" branchCoverage="0" crapScore="0" isConstructor="false" isStatic="false" isGetter="false" isSetter="false">
              <Summary numSequencePoints="7" visitedSequencePoints="7" numBranchPoints="0" visitedBranchPoints="0" sequenceCoverage="100.0" branchCoverage="0" maxCyclomaticComplexity="0" minCyclomaticComplexity="0" maxCrapScore="0" minCrapScore="0" visitedClasses="0" numClasses="0" visitedMethods="1" numMethods="1" />
              <MetadataToken>100663304</MetadataToken>
              <Name>System.Void AgoraRTCManager::AdjustVideoEncodedConfiguration480()</Name>
              <FileRef uid="1" />
              <SequencePoints>
                <SequencePoint vc="1" uspid="846" ordinal="0" offset="0" sl="136" sc="5" el="136" ec="5" bec="0" bev="0" fileid="1" />
                <SequencePoint vc="1" uspid="847" ordinal="0" offset="1" sl="137" sc="9" el="137" ec="9" bec="0" bev="0" fileid="1" />
                <SequencePoint vc="1" uspid="848" ordinal="0" offset="7" sl="138" sc="9" el="138" ec="9" bec="0" bev="0" fileid="1" />
                <SequencePoint vc="1" uspid="849" ordinal="0" offset="28" sl="139" sc="9" el="139" ec="9" bec="0" bev="0" fileid="1" />
                <SequencePoint vc="1" uspid="850" ordinal="0" offset="36" sl="140" sc="9" el="140" ec="9" bec="0" bev="0" fileid="1" />
                <SequencePoint vc="1" uspid="851" ordinal="0" offset="43" sl="141" sc="9" el="141" ec="9" bec="0" bev="0" fileid="1" />
                <SequencePoint vc="1" uspid="852" ordinal="0" offset="56" sl="142" sc="5" el="142" ec="5" bec="0" bev="0" fileid="1" />
              </SequencePoints>
              <BranchPoints />
            </Method>
            <Method visited="true" cyclomaticComplexity="0" nPathComplexity="0" sequenceCoverage="100.0" branchCoverage="0" crapScore="0" isConstructor="false" isStatic="false" isGetter="false" isSetter="false">
              <Summary numSequencePoints="9" visitedSequencePoints="9" numBranchPoints="0" visitedBranchPoints="0" sequenceCoverage="100.0" branchCoverage="0" maxCyclomaticComplexity="0" minCyclomaticComplexity="0" maxCrapScore="0" minCrapScore="0" visitedClasses="0" numClasses="0" visitedMethods="1" numMethods="1" />
              <MetadataToken>100663305</MetadataToken>
              <Name>System.Void AgoraRTCManager::OnDestroy()</Name>
              <FileRef uid="1" />
              <SequencePoints>
                <SequencePoint vc="29" uspid="853" ordinal="0" offset="0" sl="177" sc="5" el="177" ec="5" bec="0" bev="0" fileid="1" />
                <SequencePoint vc="29" uspid="854" ordinal="0" offset="1" sl="178" sc="9" el="178" ec="9" bec="0" bev="0" fileid="1" />
                <SequencePoint vc="29" uspid="855" ordinal="0" offset="12" sl="179" sc="9" el="179" ec="9" bec="0" bev="0" fileid="1" />
                <SequencePoint vc="8" uspid="856" ordinal="0" offset="25" sl="179" sc="32" el="179" ec="32" bec="0" bev="0" fileid="1" />
                <SequencePoint vc="21" uspid="857" ordinal="0" offset="27" sl="180" sc="9" el="180" ec="9" bec="0" bev="0" fileid="1" />
                <SequencePoint vc="21" uspid="858" ordinal="0" offset="40" sl="181" sc="9" el="181" ec="9" bec="0" bev="0" fileid="1" />
                <SequencePoint vc="21" uspid="859" ordinal="0" offset="52" sl="182" sc="9" el="182" ec="9" bec="0" bev="0" fileid="1" />
                <SequencePoint vc="21" uspid="860" ordinal="0" offset="65" sl="183" sc="9" el="183" ec="9" bec="0" bev="0" fileid="1" />
                <SequencePoint vc="29" uspid="861" ordinal="0" offset="72" sl="184" sc="5" el="184" ec="5" bec="0" bev="0" fileid="1" />
              </SequencePoints>
              <BranchPoints />
            </Method>
            <Method visited="true" cyclomaticComplexity="0" nPathComplexity="0" sequenceCoverage="100.0" branchCoverage="0" crapScore="0" isConstructor="false" isStatic="false" isGetter="false" isSetter="false">
              <Summary numSequencePoints="9" visitedSequencePoints="9" numBranchPoints="0" visitedBranchPoints="0" sequenceCoverage="100.0" branchCoverage="0" maxCyclomaticComplexity="0" minCyclomaticComplexity="0" maxCrapScore="0" minCrapScore="0" visitedClasses="0" numClasses="0" visitedMethods="1" numMethods="1" />
              <MetadataToken>100663306</MetadataToken>
              <Name>System.Void AgoraRTCManager::OnApplicationQuit()</Name>
              <FileRef uid="1" />
              <SequencePoints>
                <SequencePoint vc="7" uspid="862" ordinal="0" offset="0" sl="188" sc="5" el="188" ec="5" bec="0" bev="0" fileid="1" />
                <SequencePoint vc="7" uspid="863" ordinal="0" offset="1" sl="189" sc="9" el="189" ec="9" bec="0" bev="0" fileid="1" />
                <SequencePoint vc="4" uspid="864" ordinal="0" offset="14" sl="190" sc="9" el="190" ec="9" bec="0" bev="0" fileid="1" />
                <SequencePoint vc="4" uspid="865" ordinal="0" offset="15" sl="191" sc="13" el="191" ec="13" bec="0" bev="0" fileid="1" />
                <SequencePoint vc="4" uspid="866" ordinal="0" offset="27" sl="192" sc="13" el="192" ec="13" bec="0" bev="0" fileid="1" />
                <SequencePoint vc="4" uspid="867" ordinal="0" offset="40" sl="193" sc="13" el="193" ec="13" bec="0" bev="0" fileid="1" />
                <SequencePoint vc="4" uspid="868" ordinal="0" offset="53" sl="194" sc="13" el="194" ec="13" bec="0" bev="0" fileid="1" />
                <SequencePoint vc="4" uspid="869" ordinal="0" offset="60" sl="195" sc="9" el="195" ec="9" bec="0" bev="0" fileid="1" />
                <SequencePoint vc="7" uspid="870" ordinal="0" offset="61" sl="196" sc="5" el="196" ec="5" bec="0" bev="0" fileid="1" />
              </SequencePoints>
              <BranchPoints />
            </Method>
            <Method visited="true" cyclomaticComplexity="0" nPathComplexity="0" sequenceCoverage="100.0" branchCoverage="0" crapScore="0" isConstructor="false" isStatic="false" isGetter="false" isSetter="false">
              <Summary numSequencePoints="3" visitedSequencePoints="3" numBranchPoints="0" visitedBranchPoints="0" sequenceCoverage="100.0" branchCoverage="0" maxCyclomaticComplexity="0" minCyclomaticComplexity="0" maxCrapScore="0" minCrapScore="0" visitedClasses="0" numClasses="0" visitedMethods="1" numMethods="1" />
              <MetadataToken>100663307</MetadataToken>
              <Name>System.String AgoraRTCManager::GetChannelName()</Name>
              <FileRef uid="1" />
              <SequencePoints>
                <SequencePoint vc="2" uspid="871" ordinal="0" offset="0" sl="199" sc="5" el="199" ec="5" bec="0" bev="0" fileid="1" />
                <SequencePoint vc="2" uspid="872" ordinal="0" offset="1" sl="200" sc="9" el="200" ec="9" bec="0" bev="0" fileid="1" />
                <SequencePoint vc="2" uspid="873" ordinal="0" offset="10" sl="201" sc="5" el="201" ec="5" bec="0" bev="0" fileid="1" />
              </SequencePoints>
              <BranchPoints />
            </Method>
            <Method visited="true" cyclomaticComplexity="0" nPathComplexity="0" sequenceCoverage="100.0" branchCoverage="0" crapScore="0" isConstructor="true" isStatic="false" isGetter="false" isSetter="false">
              <Summary numSequencePoints="10" visitedSequencePoints="10" numBranchPoints="0" visitedBranchPoints="0" sequenceCoverage="100.0" branchCoverage="0" maxCyclomaticComplexity="0" minCyclomaticComplexity="0" maxCrapScore="0" minCrapScore="0" visitedClasses="0" numClasses="0" visitedMethods="1" numMethods="1" />
              <MetadataToken>100663297</MetadataToken>
              <Name>AgoraRTCManager::AgoraRTCManager(System.String, System.String, System.String)</Name>
              <FileRef uid="1" />
              <SequencePoints>
                <SequencePoint vc="32" uspid="874" ordinal="0" offset="0" sl="12" sc="5" el="12" ec="5" bec="0" bev="0" fileid="1" />
                <SequencePoint vc="32" uspid="875" ordinal="0" offset="11" sl="14" sc="22" el="14" ec="22" bec="0" bev="0" fileid="1" />
                <SequencePoint vc="32" uspid="876" ordinal="0" offset="22" sl="16" sc="22" el="16" ec="22" bec="0" bev="0" fileid="1" />
                <SequencePoint vc="32" uspid="877" ordinal="0" offset="33" sl="18" sc="5" el="18" ec="5" bec="0" bev="0" fileid="1" />
                <SequencePoint vc="32" uspid="878" ordinal="0" offset="40" sl="25" sc="5" el="25" ec="5" bec="0" bev="0" fileid="1" />
                <SequencePoint vc="32" uspid="879" ordinal="0" offset="47" sl="26" sc="5" el="26" ec="5" bec="0" bev="0" fileid="1" />
                <SequencePoint vc="32" uspid="880" ordinal="0" offset="48" sl="27" sc="9" el="27" ec="9" bec="0" bev="0" fileid="1" />
                <SequencePoint vc="32" uspid="881" ordinal="0" offset="55" sl="28" sc="9" el="28" ec="9" bec="0" bev="0" fileid="1" />
                <SequencePoint vc="32" uspid="882" ordinal="0" offset="62" sl="29" sc="9" el="29" ec="9" bec="0" bev="0" fileid="1" />
                <SequencePoint vc="32" uspid="883" ordinal="0" offset="69" sl="30" sc="5" el="30" ec="5" bec="0" bev="0" fileid="1" />
              </SequencePoints>
              <BranchPoints />
            </Method>
          </Methods>
        </Class>
        <Class>
          <Summary numSequencePoints="58" visitedSequencePoints="54" numBranchPoints="0" visitedBranchPoints="0" sequenceCoverage="93.10" branchCoverage="0.0" maxCyclomaticComplexity="0" minCyclomaticComplexity="0" maxCrapScore="0" minCrapScore="0" visitedClasses="1" numClasses="1" visitedMethods="16" numMethods="16" />
          <FullName>UserEventHandler</FullName>
          <Methods>
            <Method visited="true" cyclomaticComplexity="0" nPathComplexity="0" sequenceCoverage="100.0" branchCoverage="0" crapScore="0" isConstructor="false" isStatic="false" isGetter="false" isSetter="false">
              <Summary numSequencePoints="3" visitedSequencePoints="3" numBranchPoints="0" visitedBranchPoints="0" sequenceCoverage="100.0" branchCoverage="0" maxCyclomaticComplexity="0" minCyclomaticComplexity="0" maxCrapScore="0" minCrapScore="0" visitedClasses="0" numClasses="0" visitedMethods="1" numMethods="1" />
              <MetadataToken>100663309</MetadataToken>
              <Name>System.Void UserEventHandler::OnError(System.Int32, System.String)</Name>
              <FileRef uid="1" />
              <SequencePoints>
                <SequencePoint vc="1" uspid="884" ordinal="0" offset="0" sl="377" sc="5" el="377" ec="5" bec="0" bev="0" fileid="1" />
                <SequencePoint vc="1" uspid="885" ordinal="0" offset="1" sl="378" sc="9" el="378" ec="9" bec="0" bev="0" fileid="1" />
                <SequencePoint vc="1" uspid="886" ordinal="0" offset="8" sl="379" sc="5" el="379" ec="5" bec="0" bev="0" fileid="1" />
              </SequencePoints>
              <BranchPoints />
            </Method>
            <Method visited="true" cyclomaticComplexity="0" nPathComplexity="0" sequenceCoverage="100.0" branchCoverage="0" crapScore="0" isConstructor="false" isStatic="false" isGetter="false" isSetter="false">
              <Summary numSequencePoints="3" visitedSequencePoints="3" numBranchPoints="0" visitedBranchPoints="0" sequenceCoverage="100.0" branchCoverage="0" maxCyclomaticComplexity="0" minCyclomaticComplexity="0" maxCrapScore="0" minCrapScore="0" visitedClasses="0" numClasses="0" visitedMethods="1" numMethods="1" />
              <MetadataToken>100663310</MetadataToken>
              <Name>System.Void UserEventHandler::OnJoinChannelSuccess(Agora.Rtc.RtcConnection, System.Int32)</Name>
              <FileRef uid="1" />
              <SequencePoints>
                <SequencePoint vc="1" uspid="887" ordinal="0" offset="0" sl="382" sc="5" el="382" ec="5" bec="0" bev="0" fileid="1" />
                <SequencePoint vc="1" uspid="888" ordinal="0" offset="1" sl="389" sc="9" el="389" ec="9" bec="0" bev="0" fileid="1" />
                <SequencePoint vc="1" uspid="889" ordinal="0" offset="40" sl="392" sc="5" el="392" ec="5" bec="0" bev="0" fileid="1" />
              </SequencePoints>
              <BranchPoints />
            </Method>
            <Method visited="true" cyclomaticComplexity="0" nPathComplexity="0" sequenceCoverage="100.0" branchCoverage="0" crapScore="0" isConstructor="false" isStatic="false" isGetter="false" isSetter="false">
              <Summary numSequencePoints="3" visitedSequencePoints="3" numBranchPoints="0" visitedBranchPoints="0" sequenceCoverage="100.0" branchCoverage="0" maxCyclomaticComplexity="0" minCyclomaticComplexity="0" maxCrapScore="0" minCrapScore="0" visitedClasses="0" numClasses="0" visitedMethods="1" numMethods="1" />
              <MetadataToken>100663311</MetadataToken>
              <Name>System.Void UserEventHandler::OnRejoinChannelSuccess(Agora.Rtc.RtcConnection, System.Int32)</Name>
              <FileRef uid="1" />
              <SequencePoints>
                <SequencePoint vc="1" uspid="890" ordinal="0" offset="0" sl="395" sc="5" el="395" ec="5" bec="0" bev="0" fileid="1" />
                <SequencePoint vc="1" uspid="891" ordinal="0" offset="1" sl="396" sc="9" el="396" ec="9" bec="0" bev="0" fileid="1" />
                <SequencePoint vc="1" uspid="892" ordinal="0" offset="12" sl="397" sc="5" el="397" ec="5" bec="0" bev="0" fileid="1" />
              </SequencePoints>
              <BranchPoints />
            </Method>
            <Method visited="true" cyclomaticComplexity="0" nPathComplexity="0" sequenceCoverage="100.0" branchCoverage="0" crapScore="0" isConstructor="false" isStatic="false" isGetter="false" isSetter="false">
              <Summary numSequencePoints="3" visitedSequencePoints="3" numBranchPoints="0" visitedBranchPoints="0" sequenceCoverage="100.0" branchCoverage="0" maxCyclomaticComplexity="0" minCyclomaticComplexity="0" maxCrapScore="0" minCrapScore="0" visitedClasses="0" numClasses="0" visitedMethods="1" numMethods="1" />
              <MetadataToken>100663312</MetadataToken>
              <Name>System.Void UserEventHandler::OnLeaveChannel(Agora.Rtc.RtcConnection, Agora.Rtc.RtcStats)</Name>
              <FileRef uid="1" />
              <SequencePoints>
                <SequencePoint vc="1" uspid="893" ordinal="0" offset="0" sl="400" sc="5" el="400" ec="5" bec="0" bev="0" fileid="1" />
                <SequencePoint vc="1" uspid="894" ordinal="0" offset="1" sl="401" sc="9" el="401" ec="9" bec="0" bev="0" fileid="1" />
                <SequencePoint vc="1" uspid="895" ordinal="0" offset="28" sl="402" sc="5" el="402" ec="5" bec="0" bev="0" fileid="1" />
              </SequencePoints>
              <BranchPoints />
            </Method>
            <Method visited="true" cyclomaticComplexity="0" nPathComplexity="0" sequenceCoverage="100.0" branchCoverage="0" crapScore="0" isConstructor="false" isStatic="false" isGetter="false" isSetter="false">
              <Summary numSequencePoints="3" visitedSequencePoints="3" numBranchPoints="0" visitedBranchPoints="0" sequenceCoverage="100.0" branchCoverage="0" maxCyclomaticComplexity="0" minCyclomaticComplexity="0" maxCrapScore="0" minCrapScore="0" visitedClasses="0" numClasses="0" visitedMethods="1" numMethods="1" />
              <MetadataToken>100663313</MetadataToken>
              <Name>System.Void UserEventHandler::OnClientRoleChanged(Agora.Rtc.RtcConnection, Agora.Rtc.CLIENT_ROLE_TYPE, Agora.Rtc.CLIENT_ROLE_TYPE, Agora.Rtc.ClientRoleOptions)</Name>
              <FileRef uid="1" />
              <SequencePoints>
                <SequencePoint vc="1" uspid="896" ordinal="0" offset="0" sl="406" sc="5" el="406" ec="5" bec="0" bev="0" fileid="1" />
                <SequencePoint vc="1" uspid="897" ordinal="0" offset="1" sl="407" sc="9" el="407" ec="9" bec="0" bev="0" fileid="1" />
                <SequencePoint vc="1" uspid="898" ordinal="0" offset="12" sl="408" sc="5" el="408" ec="5" bec="0" bev="0" fileid="1" />
              </SequencePoints>
              <BranchPoints />
            </Method>
            <Method visited="true" cyclomaticComplexity="0" nPathComplexity="0" sequenceCoverage="100.0" branchCoverage="0" crapScore="0" isConstructor="false" isStatic="false" isGetter="false" isSetter="false">
              <Summary numSequencePoints="11" visitedSequencePoints="11" numBranchPoints="0" visitedBranchPoints="0" sequenceCoverage="100.0" branchCoverage="0" maxCyclomaticComplexity="0" minCyclomaticComplexity="0" maxCrapScore="0" minCrapScore="0" visitedClasses="0" numClasses="0" visitedMethods="1" numMethods="1" />
              <MetadataToken>100663314</MetadataToken>
              <Name>System.Void UserEventHandler::OnUserJoined(Agora.Rtc.RtcConnection, System.UInt32, System.Int32)</Name>
              <FileRef uid="1" />
              <SequencePoints>
                <SequencePoint vc="3" uspid="899" ordinal="0" offset="0" sl="411" sc="5" el="411" ec="5" bec="0" bev="0" fileid="1" />
                <SequencePoint vc="3" uspid="900" ordinal="0" offset="1" sl="412" sc="9" el="412" ec="9" bec="0" bev="0" fileid="1" />
                <SequencePoint vc="3" uspid="901" ordinal="0" offset="29" sl="413" sc="9" el="413" ec="9" bec="0" bev="0" fileid="1" />
                <SequencePoint vc="1" uspid="902" ordinal="0" offset="58" sl="414" sc="9" el="414" ec="9" bec="0" bev="0" fileid="1" />
                <SequencePoint vc="1" uspid="903" ordinal="0" offset="59" sl="417" sc="13" el="417" ec="13" bec="0" bev="0" fileid="1" />
                <SequencePoint vc="1" uspid="904" ordinal="0" offset="89" sl="419" sc="13" el="419" ec="13" bec="0" bev="0" fileid="1" />
                <SequencePoint vc="1" uspid="905" ordinal="0" offset="101" sl="420" sc="9" el="420" ec="9" bec="0" bev="0" fileid="1" />
                <SequencePoint vc="2" uspid="906" ordinal="0" offset="104" sl="422" sc="9" el="422" ec="9" bec="0" bev="0" fileid="1" />
                <SequencePoint vc="2" uspid="907" ordinal="0" offset="105" sl="423" sc="13" el="423" ec="13" bec="0" bev="0" fileid="1" />
                <SequencePoint vc="2" uspid="908" ordinal="0" offset="116" sl="424" sc="9" el="424" ec="9" bec="0" bev="0" fileid="1" />
                <SequencePoint vc="3" uspid="909" ordinal="0" offset="117" sl="426" sc="5" el="426" ec="5" bec="0" bev="0" fileid="1" />
              </SequencePoints>
              <BranchPoints />
            </Method>
            <Method visited="true" cyclomaticComplexity="0" nPathComplexity="0" sequenceCoverage="66.67" branchCoverage="0" crapScore="0" isConstructor="false" isStatic="false" isGetter="false" isSetter="false">
              <Summary numSequencePoints="12" visitedSequencePoints="8" numBranchPoints="0" visitedBranchPoints="0" sequenceCoverage="66.67" branchCoverage="0" maxCyclomaticComplexity="0" minCyclomaticComplexity="0" maxCrapScore="0" minCrapScore="0" visitedClasses="0" numClasses="0" visitedMethods="1" numMethods="1" />
              <MetadataToken>100663315</MetadataToken>
              <Name>System.Void UserEventHandler::OnUserOffline(Agora.Rtc.RtcConnection, System.UInt32, Agora.Rtc.USER_OFFLINE_REASON_TYPE)</Name>
              <FileRef uid="1" />
              <SequencePoints>
                <SequencePoint vc="2" uspid="910" ordinal="0" offset="0" sl="429" sc="5" el="429" ec="5" bec="0" bev="0" fileid="1" />
                <SequencePoint vc="2" uspid="911" ordinal="0" offset="1" sl="430" sc="9" el="430" ec="9" bec="0" bev="0" fileid="1" />
                <SequencePoint vc="2" uspid="912" ordinal="0" offset="29" sl="432" sc="9" el="432" ec="9" bec="0" bev="0" fileid="1" />
                <SequencePoint vc="2" uspid="913" ordinal="0" offset="47" sl="434" sc="9" el="434" ec="9" bec="0" bev="0" fileid="1" />
                <SequencePoint vc="1" uspid="914" ordinal="0" offset="55" sl="435" sc="9" el="435" ec="9" bec="0" bev="0" fileid="1" />
                <SequencePoint vc="1" uspid="915" ordinal="0" offset="56" sl="436" sc="13" el="436" ec="13" bec="0" bev="0" fileid="1" />
                <SequencePoint vc="0" uspid="916" ordinal="0" offset="72" sl="437" sc="13" el="437" ec="13" bec="0" bev="0" fileid="1" />
                <SequencePoint vc="0" uspid="917" ordinal="0" offset="73" sl="438" sc="17" el="438" ec="17" bec="0" bev="0" fileid="1" />
                <SequencePoint vc="0" uspid="918" ordinal="0" offset="85" sl="439" sc="17" el="439" ec="17" bec="0" bev="0" fileid="1" />
                <SequencePoint vc="0" uspid="919" ordinal="0" offset="102" sl="440" sc="13" el="440" ec="13" bec="0" bev="0" fileid="1" />
                <SequencePoint vc="1" uspid="920" ordinal="0" offset="103" sl="441" sc="9" el="441" ec="9" bec="0" bev="0" fileid="1" />
                <SequencePoint vc="2" uspid="921" ordinal="0" offset="104" sl="443" sc="5" el="443" ec="5" bec="0" bev="0" fileid="1" />
              </SequencePoints>
              <BranchPoints />
            </Method>
            <Method visited="true" cyclomaticComplexity="0" nPathComplexity="0" sequenceCoverage="100.0" branchCoverage="0" crapScore="0" isConstructor="false" isStatic="false" isGetter="false" isSetter="false">
              <Summary numSequencePoints="2" visitedSequencePoints="2" numBranchPoints="0" visitedBranchPoints="0" sequenceCoverage="100.0" branchCoverage="0" maxCyclomaticComplexity="0" minCyclomaticComplexity="0" maxCrapScore="0" minCrapScore="0" visitedClasses="0" numClasses="0" visitedMethods="1" numMethods="1" />
              <MetadataToken>100663316</MetadataToken>
              <Name>System.Void UserEventHandler::OnRtcStats(Agora.Rtc.RtcConnection, Agora.Rtc.RtcStats)</Name>
              <FileRef uid="1" />
              <SequencePoints>
                <SequencePoint vc="1" uspid="922" ordinal="0" offset="0" sl="447" sc="5" el="447" ec="5" bec="0" bev="0" fileid="1" />
                <SequencePoint vc="1" uspid="923" ordinal="0" offset="1" sl="454" sc="5" el="454" ec="5" bec="0" bev="0" fileid="1" />
              </SequencePoints>
              <BranchPoints />
            </Method>
            <Method visited="true" cyclomaticComplexity="0" nPathComplexity="0" sequenceCoverage="100.0" branchCoverage="0" crapScore="0" isConstructor="false" isStatic="false" isGetter="false" isSetter="false">
              <Summary numSequencePoints="2" visitedSequencePoints="2" numBranchPoints="0" visitedBranchPoints="0" sequenceCoverage="100.0" branchCoverage="0" maxCyclomaticComplexity="0" minCyclomaticComplexity="0" maxCrapScore="0" minCrapScore="0" visitedClasses="0" numClasses="0" visitedMethods="1" numMethods="1" />
              <MetadataToken>100663317</MetadataToken>
              <Name>System.Void UserEventHandler::OnLocalAudioStats(Agora.Rtc.RtcConnection, Agora.Rtc.LocalAudioStats)</Name>
              <FileRef uid="1" />
              <SequencePoints>
                <SequencePoint vc="1" uspid="924" ordinal="0" offset="0" sl="457" sc="5" el="457" ec="5" bec="0" bev="0" fileid="1" />
                <SequencePoint vc="1" uspid="925" ordinal="0" offset="1" sl="464" sc="5" el="464" ec="5" bec="0" bev="0" fileid="1" />
              </SequencePoints>
              <BranchPoints />
            </Method>
            <Method visited="true" cyclomaticComplexity="0" nPathComplexity="0" sequenceCoverage="100.0" branchCoverage="0" crapScore="0" isConstructor="false" isStatic="false" isGetter="false" isSetter="false">
              <Summary numSequencePoints="2" visitedSequencePoints="2" numBranchPoints="0" visitedBranchPoints="0" sequenceCoverage="100.0" branchCoverage="0" maxCyclomaticComplexity="0" minCyclomaticComplexity="0" maxCrapScore="0" minCrapScore="0" visitedClasses="0" numClasses="0" visitedMethods="1" numMethods="1" />
              <MetadataToken>100663318</MetadataToken>
              <Name>System.Void UserEventHandler::OnLocalAudioStateChanged(Agora.Rtc.RtcConnection, Agora.Rtc.LOCAL_AUDIO_STREAM_STATE, Agora.Rtc.LOCAL_AUDIO_STREAM_REASON)</Name>
              <FileRef uid="1" />
              <SequencePoints>
                <SequencePoint vc="1" uspid="926" ordinal="0" offset="0" sl="468" sc="5" el="468" ec="5" bec="0" bev="0" fileid="1" />
                <SequencePoint vc="1" uspid="927" ordinal="0" offset="1" sl="469" sc="5" el="469" ec="5" bec="0" bev="0" fileid="1" />
              </SequencePoints>
              <BranchPoints />
            </Method>
            <Method visited="true" cyclomaticComplexity="0" nPathComplexity="0" sequenceCoverage="100.0" branchCoverage="0" crapScore="0" isConstructor="false" isStatic="false" isGetter="false" isSetter="false">
              <Summary numSequencePoints="2" visitedSequencePoints="2" numBranchPoints="0" visitedBranchPoints="0" sequenceCoverage="100.0" branchCoverage="0" maxCyclomaticComplexity="0" minCyclomaticComplexity="0" maxCrapScore="0" minCrapScore="0" visitedClasses="0" numClasses="0" visitedMethods="1" numMethods="1" />
              <MetadataToken>100663319</MetadataToken>
              <Name>System.Void UserEventHandler::OnRemoteAudioStats(Agora.Rtc.RtcConnection, Agora.Rtc.RemoteAudioStats)</Name>
              <FileRef uid="1" />
              <SequencePoints>
                <SequencePoint vc="1" uspid="928" ordinal="0" offset="0" sl="472" sc="5" el="472" ec="5" bec="0" bev="0" fileid="1" />
                <SequencePoint vc="1" uspid="929" ordinal="0" offset="1" sl="479" sc="5" el="479" ec="5" bec="0" bev="0" fileid="1" />
              </SequencePoints>
              <BranchPoints />
            </Method>
            <Method visited="true" cyclomaticComplexity="0" nPathComplexity="0" sequenceCoverage="100.0" branchCoverage="0" crapScore="0" isConstructor="false" isStatic="false" isGetter="false" isSetter="false">
              <Summary numSequencePoints="2" visitedSequencePoints="2" numBranchPoints="0" visitedBranchPoints="0" sequenceCoverage="100.0" branchCoverage="0" maxCyclomaticComplexity="0" minCyclomaticComplexity="0" maxCrapScore="0" minCrapScore="0" visitedClasses="0" numClasses="0" visitedMethods="1" numMethods="1" />
              <MetadataToken>100663320</MetadataToken>
              <Name>System.Void UserEventHandler::OnRemoteAudioStateChanged(Agora.Rtc.RtcConnection, System.UInt32, Agora.Rtc.REMOTE_AUDIO_STATE, Agora.Rtc.REMOTE_AUDIO_STATE_REASON, System.Int32)</Name>
              <FileRef uid="1" />
              <SequencePoints>
                <SequencePoint vc="1" uspid="930" ordinal="0" offset="0" sl="483" sc="5" el="483" ec="5" bec="0" bev="0" fileid="1" />
                <SequencePoint vc="1" uspid="931" ordinal="0" offset="1" sl="484" sc="5" el="484" ec="5" bec="0" bev="0" fileid="1" />
              </SequencePoints>
              <BranchPoints />
            </Method>
            <Method visited="true" cyclomaticComplexity="0" nPathComplexity="0" sequenceCoverage="100.0" branchCoverage="0" crapScore="0" isConstructor="false" isStatic="false" isGetter="false" isSetter="false">
              <Summary numSequencePoints="2" visitedSequencePoints="2" numBranchPoints="0" visitedBranchPoints="0" sequenceCoverage="100.0" branchCoverage="0" maxCyclomaticComplexity="0" minCyclomaticComplexity="0" maxCrapScore="0" minCrapScore="0" visitedClasses="0" numClasses="0" visitedMethods="1" numMethods="1" />
              <MetadataToken>100663321</MetadataToken>
              <Name>System.Void UserEventHandler::OnLocalVideoStats(Agora.Rtc.RtcConnection, Agora.Rtc.LocalVideoStats)</Name>
              <FileRef uid="1" />
              <SequencePoints>
                <SequencePoint vc="1" uspid="932" ordinal="0" offset="0" sl="487" sc="5" el="487" ec="5" bec="0" bev="0" fileid="1" />
                <SequencePoint vc="1" uspid="933" ordinal="0" offset="1" sl="494" sc="5" el="494" ec="5" bec="0" bev="0" fileid="1" />
              </SequencePoints>
              <BranchPoints />
            </Method>
            <Method visited="true" cyclomaticComplexity="0" nPathComplexity="0" sequenceCoverage="100.0" branchCoverage="0" crapScore="0" isConstructor="false" isStatic="false" isGetter="false" isSetter="false">
              <Summary numSequencePoints="2" visitedSequencePoints="2" numBranchPoints="0" visitedBranchPoints="0" sequenceCoverage="100.0" branchCoverage="0" maxCyclomaticComplexity="0" minCyclomaticComplexity="0" maxCrapScore="0" minCrapScore="0" visitedClasses="0" numClasses="0" visitedMethods="1" numMethods="1" />
              <MetadataToken>100663322</MetadataToken>
              <Name>System.Void UserEventHandler::OnRemoteVideoStats(Agora.Rtc.RtcConnection, Agora.Rtc.RemoteVideoStats)</Name>
              <FileRef uid="1" />
              <SequencePoints>
                <SequencePoint vc="1" uspid="934" ordinal="0" offset="0" sl="497" sc="5" el="497" ec="5" bec="0" bev="0" fileid="1" />
                <SequencePoint vc="1" uspid="935" ordinal="0" offset="1" sl="504" sc="5" el="504" ec="5" bec="0" bev="0" fileid="1" />
              </SequencePoints>
              <BranchPoints />
            </Method>
            <Method visited="true" cyclomaticComplexity="0" nPathComplexity="0" sequenceCoverage="100.0" branchCoverage="0" crapScore="0" isConstructor="false" isStatic="false" isGetter="false" isSetter="false">
              <Summary numSequencePoints="2" visitedSequencePoints="2" numBranchPoints="0" visitedBranchPoints="0" sequenceCoverage="100.0" branchCoverage="0" maxCyclomaticComplexity="0" minCyclomaticComplexity="0" maxCrapScore="0" minCrapScore="0" visitedClasses="0" numClasses="0" visitedMethods="1" numMethods="1" />
              <MetadataToken>100663323</MetadataToken>
              <Name>System.Void UserEventHandler::OnRemoteVideoStateChanged(Agora.Rtc.RtcConnection, System.UInt32, Agora.Rtc.REMOTE_VIDEO_STATE, Agora.Rtc.REMOTE_VIDEO_STATE_REASON, System.Int32)</Name>
              <FileRef uid="1" />
              <SequencePoints>
                <SequencePoint vc="1" uspid="936" ordinal="0" offset="0" sl="508" sc="5" el="508" ec="5" bec="0" bev="0" fileid="1" />
                <SequencePoint vc="1" uspid="937" ordinal="0" offset="1" sl="509" sc="5" el="509" ec="5" bec="0" bev="0" fileid="1" />
              </SequencePoints>
              <BranchPoints />
            </Method>
            <Method visited="true" cyclomaticComplexity="0" nPathComplexity="0" sequenceCoverage="100.0" branchCoverage="0" crapScore="0" isConstructor="true" isStatic="false" isGetter="false" isSetter="false">
              <Summary numSequencePoints="4" visitedSequencePoints="4" numBranchPoints="0" visitedBranchPoints="0" sequenceCoverage="100.0" branchCoverage="0" maxCyclomaticComplexity="0" minCyclomaticComplexity="0" maxCrapScore="0" minCrapScore="0" visitedClasses="0" numClasses="0" visitedMethods="1" numMethods="1" />
              <MetadataToken>100663308</MetadataToken>
              <Name>UserEventHandler::UserEventHandler(AgoraRTCManager)</Name>
              <FileRef uid="1" />
              <SequencePoints>
                <SequencePoint vc="26" uspid="938" ordinal="0" offset="0" sl="371" sc="5" el="371" ec="5" bec="0" bev="0" fileid="1" />
                <SequencePoint vc="26" uspid="939" ordinal="0" offset="7" sl="372" sc="5" el="372" ec="5" bec="0" bev="0" fileid="1" />
                <SequencePoint vc="26" uspid="940" ordinal="0" offset="8" sl="373" sc="9" el="373" ec="9" bec="0" bev="0" fileid="1" />
                <SequencePoint vc="26" uspid="941" ordinal="0" offset="15" sl="374" sc="5" el="374" ec="5" bec="0" bev="0" fileid="1" />
              </SequencePoints>
              <BranchPoints />
            </Method>
          </Methods>
        </Class>
        <Class>
          <Summary numSequencePoints="68" visitedSequencePoints="66" numBranchPoints="0" visitedBranchPoints="0" sequenceCoverage="97.06" branchCoverage="0.0" maxCyclomaticComplexity="0" minCyclomaticComplexity="0" maxCrapScore="0" minCrapScore="0" visitedClasses="1" numClasses="1" visitedMethods="6" numMethods="6" />
          <FullName>AgoraRTMManager</FullName>
          <Methods>
            <Method visited="true" cyclomaticComplexity="0" nPathComplexity="0" sequenceCoverage="95.45" branchCoverage="0" crapScore="0" isConstructor="false" isStatic="false" isGetter="false" isSetter="false">
              <Summary numSequencePoints="22" visitedSequencePoints="21" numBranchPoints="0" visitedBranchPoints="0" sequenceCoverage="95.45" branchCoverage="0" maxCyclomaticComplexity="0" minCyclomaticComplexity="0" maxCrapScore="0" minCrapScore="0" visitedClasses="0" numClasses="0" visitedMethods="1" numMethods="1" />
              <MetadataToken>100663326</MetadataToken>
              <Name>System.Void AgoraRTMManager::OnInit()</Name>
              <FileRef uid="2" />
              <SequencePoints>
                <SequencePoint vc="6" uspid="942" ordinal="0" offset="0" sl="57" sc="5" el="57" ec="5" bec="0" bev="0" fileid="2" />
                <SequencePoint vc="6" uspid="943" ordinal="0" offset="1" sl="58" sc="9" el="58" ec="9" bec="0" bev="0" fileid="2" />
                <SequencePoint vc="2" uspid="944" ordinal="0" offset="32" sl="59" sc="9" el="59" ec="9" bec="0" bev="0" fileid="2" />
                <SequencePoint vc="2" uspid="945" ordinal="0" offset="33" sl="60" sc="13" el="60" ec="13" bec="0" bev="0" fileid="2" />
                <SequencePoint vc="2" uspid="946" ordinal="0" offset="44" sl="61" sc="13" el="61" ec="13" bec="0" bev="0" fileid="2" />
                <SequencePoint vc="4" uspid="947" ordinal="0" offset="49" sl="64" sc="9" el="64" ec="9" bec="0" bev="0" fileid="2" />
                <SequencePoint vc="4" uspid="948" ordinal="0" offset="55" sl="65" sc="9" el="65" ec="9" bec="0" bev="0" fileid="2" />
                <SequencePoint vc="4" uspid="949" ordinal="0" offset="67" sl="66" sc="9" el="66" ec="9" bec="0" bev="0" fileid="2" />
                <SequencePoint vc="4" uspid="950" ordinal="0" offset="79" sl="68" sc="9" el="68" ec="9" bec="0" bev="0" fileid="2" />
                <SequencePoint vc="4" uspid="951" ordinal="0" offset="80" sl="69" sc="13" el="69" ec="13" bec="0" bev="0" fileid="2" />
                <SequencePoint vc="0" uspid="952" ordinal="0" offset="92" sl="70" sc="9" el="70" ec="9" bec="0" bev="0" fileid="2" />
                <SequencePoint vc="4" uspid="953" ordinal="0" offset="95" sl="71" sc="9" el="71" ec="9" bec="0" bev="0" fileid="2" />
                <SequencePoint vc="4" uspid="954" ordinal="0" offset="96" sl="72" sc="9" el="72" ec="9" bec="0" bev="0" fileid="2" />
                <SequencePoint vc="4" uspid="955" ordinal="0" offset="97" sl="73" sc="13" el="73" ec="13" bec="0" bev="0" fileid="2" />
                <SequencePoint vc="4" uspid="956" ordinal="0" offset="129" sl="74" sc="9" el="74" ec="9" bec="0" bev="0" fileid="2" />
                <SequencePoint vc="4" uspid="957" ordinal="0" offset="132" sl="77" sc="9" el="77" ec="9" bec="0" bev="0" fileid="2" />
                <SequencePoint vc="1" uspid="958" ordinal="0" offset="145" sl="78" sc="9" el="78" ec="9" bec="0" bev="0" fileid="2" />
                <SequencePoint vc="1" uspid="959" ordinal="0" offset="146" sl="80" sc="13" el="80" ec="13" bec="0" bev="0" fileid="2" />
                <SequencePoint vc="1" uspid="960" ordinal="0" offset="170" sl="83" sc="13" el="83" ec="13" bec="0" bev="0" fileid="2" />
                <SequencePoint vc="1" uspid="961" ordinal="0" offset="194" sl="99" sc="13" el="99" ec="13" bec="0" bev="0" fileid="2" />
                <SequencePoint vc="1" uspid="962" ordinal="0" offset="205" sl="100" sc="9" el="100" ec="9" bec="0" bev="0" fileid="2" />
                <SequencePoint vc="6" uspid="963" ordinal="0" offset="206" sl="101" sc="5" el="101" ec="5" bec="0" bev="0" fileid="2" />
              </SequencePoints>
              <BranchPoints />
            </Method>
            <Method visited="true" cyclomaticComplexity="0" nPathComplexity="0" sequenceCoverage="100.0" branchCoverage="0" crapScore="0" isConstructor="false" isStatic="false" isGetter="false" isSetter="false">
              <Summary numSequencePoints="4" visitedSequencePoints="4" numBranchPoints="0" visitedBranchPoints="0" sequenceCoverage="100.0" branchCoverage="0" maxCyclomaticComplexity="0" minCyclomaticComplexity="0" maxCrapScore="0" minCrapScore="0" visitedClasses="0" numClasses="0" visitedMethods="1" numMethods="1" />
              <MetadataToken>100663329</MetadataToken>
              <Name>System.Void AgoraRTMManager::OnStorageEvent(Agora.Rtm.StorageEvent)</Name>
              <FileRef uid="2" />
              <SequencePoints>
                <SequencePoint vc="1" uspid="964" ordinal="0" offset="0" sl="209" sc="5" el="209" ec="5" bec="0" bev="0" fileid="2" />
                <SequencePoint vc="1" uspid="965" ordinal="0" offset="1" sl="210" sc="9" el="210" ec="9" bec="0" bev="0" fileid="2" />
                <SequencePoint vc="1" uspid="966" ordinal="0" offset="39" sl="211" sc="9" el="211" ec="9" bec="0" bev="0" fileid="2" />
                <SequencePoint vc="1" uspid="967" ordinal="0" offset="46" sl="212" sc="5" el="212" ec="5" bec="0" bev="0" fileid="2" />
              </SequencePoints>
              <BranchPoints />
            </Method>
            <Method visited="true" cyclomaticComplexity="0" nPathComplexity="0" sequenceCoverage="95.24" branchCoverage="0" crapScore="0" isConstructor="false" isStatic="false" isGetter="false" isSetter="false">
              <Summary numSequencePoints="21" visitedSequencePoints="20" numBranchPoints="0" visitedBranchPoints="0" sequenceCoverage="95.24" branchCoverage="0" maxCyclomaticComplexity="0" minCyclomaticComplexity="0" maxCrapScore="0" minCrapScore="0" visitedClasses="0" numClasses="0" visitedMethods="1" numMethods="1" />
              <MetadataToken>100663330</MetadataToken>
              <Name>System.Void AgoraRTMManager::OnMessageEvent(Agora.Rtm.MessageEvent)</Name>
              <FileRef uid="2" />
              <SequencePoints>
                <SequencePoint vc="2" uspid="968" ordinal="0" offset="0" sl="214" sc="5" el="214" ec="5" bec="0" bev="0" fileid="2" />
                <SequencePoint vc="2" uspid="969" ordinal="0" offset="1" sl="215" sc="9" el="215" ec="9" bec="0" bev="0" fileid="2" />
                <SequencePoint vc="2" uspid="970" ordinal="0" offset="8" sl="216" sc="9" el="216" ec="9" bec="0" bev="0" fileid="2" />
                <SequencePoint vc="2" uspid="971" ordinal="0" offset="15" sl="217" sc="9" el="217" ec="9" bec="0" bev="0" fileid="2" />
                <SequencePoint vc="2" uspid="972" ordinal="0" offset="22" sl="218" sc="9" el="218" ec="9" bec="0" bev="0" fileid="2" />
                <SequencePoint vc="2" uspid="973" ordinal="0" offset="29" sl="219" sc="9" el="219" ec="9" bec="0" bev="0" fileid="2" />
                <SequencePoint vc="2" uspid="974" ordinal="0" offset="37" sl="220" sc="9" el="220" ec="9" bec="0" bev="0" fileid="2" />
                <SequencePoint vc="2" uspid="975" ordinal="0" offset="45" sl="221" sc="9" el="221" ec="9" bec="0" bev="0" fileid="2" />
                <SequencePoint vc="2" uspid="976" ordinal="0" offset="53" sl="222" sc="9" el="222" ec="9" bec="0" bev="0" fileid="2" />
                <SequencePoint vc="1" uspid="977" ordinal="0" offset="64" sl="223" sc="9" el="223" ec="9" bec="0" bev="0" fileid="2" />
                <SequencePoint vc="1" uspid="978" ordinal="0" offset="65" sl="224" sc="13" el="224" ec="13" bec="0" bev="0" fileid="2" />
                <SequencePoint vc="1" uspid="979" ordinal="0" offset="74" sl="225" sc="13" el="225" ec="13" bec="0" bev="0" fileid="2" />
                <SequencePoint vc="1" uspid="980" ordinal="0" offset="94" sl="227" sc="13" el="227" ec="13" bec="0" bev="0" fileid="2" />
                <SequencePoint vc="1" uspid="981" ordinal="0" offset="116" sl="229" sc="13" el="229" ec="13" bec="0" bev="0" fileid="2" />
                <SequencePoint vc="0" uspid="982" ordinal="0" offset="130" sl="230" sc="9" el="230" ec="9" bec="0" bev="0" fileid="2" />
                <SequencePoint vc="1" uspid="983" ordinal="0" offset="133" sl="232" sc="9" el="232" ec="9" bec="0" bev="0" fileid="2" />
                <SequencePoint vc="1" uspid="984" ordinal="0" offset="134" sl="233" sc="13" el="233" ec="13" bec="0" bev="0" fileid="2" />
                <SequencePoint vc="1" uspid="985" ordinal="0" offset="143" sl="234" sc="13" el="234" ec="13" bec="0" bev="0" fileid="2" />
                <SequencePoint vc="1" uspid="986" ordinal="0" offset="168" sl="236" sc="13" el="236" ec="13" bec="0" bev="0" fileid="2" />
                <SequencePoint vc="1" uspid="987" ordinal="0" offset="190" sl="237" sc="9" el="237" ec="9" bec="0" bev="0" fileid="2" />
                <SequencePoint vc="1" uspid="988" ordinal="0" offset="191" sl="238" sc="5" el="238" ec="5" bec="0" bev="0" fileid="2" />
              </SequencePoints>
              <BranchPoints />
            </Method>
            <Method visited="true" cyclomaticComplexity="0" nPathComplexity="0" sequenceCoverage="100.0" branchCoverage="0" crapScore="0" isConstructor="false" isStatic="false" isGetter="false" isSetter="false">
              <Summary numSequencePoints="7" visitedSequencePoints="7" numBranchPoints="0" visitedBranchPoints="0" sequenceCoverage="100.0" branchCoverage="0" maxCyclomaticComplexity="0" minCyclomaticComplexity="0" maxCrapScore="0" minCrapScore="0" visitedClasses="0" numClasses="0" visitedMethods="1" numMethods="1" />
              <MetadataToken>100663332</MetadataToken>
              <Name>System.Void AgoraRTMManager::FetchChannelMetadata()</Name>
              <FileRef uid="2" />
              <SequencePoints>
                <SequencePoint vc="6" uspid="989" ordinal="0" offset="0" sl="262" sc="5" el="262" ec="5" bec="0" bev="0" fileid="2" />
                <SequencePoint vc="6" uspid="990" ordinal="0" offset="1" sl="263" sc="9" el="263" ec="9" bec="0" bev="0" fileid="2" />
                <SequencePoint vc="1" uspid="991" ordinal="0" offset="14" sl="264" sc="9" el="264" ec="9" bec="0" bev="0" fileid="2" />
                <SequencePoint vc="1" uspid="992" ordinal="0" offset="15" sl="265" sc="13" el="265" ec="13" bec="0" bev="0" fileid="2" />
                <SequencePoint vc="1" uspid="993" ordinal="0" offset="26" sl="266" sc="13" el="266" ec="13" bec="0" bev="0" fileid="2" />
                <SequencePoint vc="5" uspid="994" ordinal="0" offset="28" sl="268" sc="9" el="268" ec="9" bec="0" bev="0" fileid="2" />
                <SequencePoint vc="6" uspid="995" ordinal="0" offset="35" sl="269" sc="5" el="269" ec="5" bec="0" bev="0" fileid="2" />
              </SequencePoints>
              <BranchPoints />
            </Method>
            <Method visited="true" cyclomaticComplexity="0" nPathComplexity="0" sequenceCoverage="100.0" branchCoverage="0" crapScore="0" isConstructor="false" isStatic="false" isGetter="false" isSetter="false">
              <Summary numSequencePoints="3" visitedSequencePoints="3" numBranchPoints="0" visitedBranchPoints="0" sequenceCoverage="100.0" branchCoverage="0" maxCyclomaticComplexity="0" minCyclomaticComplexity="0" maxCrapScore="0" minCrapScore="0" visitedClasses="0" numClasses="0" visitedMethods="1" numMethods="1" />
              <MetadataToken>100663335</MetadataToken>
              <Name>System.Void AgoraRTMManager::OnDestroy(System.String)</Name>
              <FileRef uid="2" />
              <SequencePoints>
                <SequencePoint vc="6" uspid="996" ordinal="0" offset="0" sl="341" sc="5" el="341" ec="5" bec="0" bev="0" fileid="2" />
                <SequencePoint vc="6" uspid="997" ordinal="0" offset="1" sl="342" sc="9" el="342" ec="9" bec="0" bev="0" fileid="2" />
                <SequencePoint vc="6" uspid="998" ordinal="0" offset="9" sl="343" sc="5" el="343" ec="5" bec="0" bev="0" fileid="2" />
              </SequencePoints>
              <BranchPoints />
            </Method>
            <Method visited="true" cyclomaticComplexity="0" nPathComplexity="0" sequenceCoverage="100.0" branchCoverage="0" crapScore="0" isConstructor="true" isStatic="false" isGetter="false" isSetter="false">
              <Summary numSequencePoints="11" visitedSequencePoints="11" numBranchPoints="0" visitedBranchPoints="0" sequenceCoverage="100.0" branchCoverage="0" maxCyclomaticComplexity="0" minCyclomaticComplexity="0" maxCrapScore="0" minCrapScore="0" visitedClasses="0" numClasses="0" visitedMethods="1" numMethods="1" />
              <MetadataToken>100663324</MetadataToken>
              <Name>AgoraRTMManager::AgoraRTMManager(System.String, System.String, System.String, System.String)</Name>
              <FileRef uid="2" />
              <SequencePoints>
                <SequencePoint vc="36" uspid="999" ordinal="0" offset="0" sl="10" sc="5" el="10" ec="5" bec="0" bev="0" fileid="2" />
                <SequencePoint vc="36" uspid="1000" ordinal="0" offset="11" sl="11" sc="5" el="11" ec="5" bec="0" bev="0" fileid="2" />
                <SequencePoint vc="36" uspid="1001" ordinal="0" offset="22" sl="12" sc="5" el="12" ec="5" bec="0" bev="0" fileid="2" />
                <SequencePoint vc="36" uspid="1002" ordinal="0" offset="33" sl="13" sc="5" el="13" ec="5" bec="0" bev="0" fileid="2" />
                <SequencePoint vc="36" uspid="1003" ordinal="0" offset="44" sl="18" sc="5" el="18" ec="5" bec="0" bev="0" fileid="2" />
                <SequencePoint vc="36" uspid="1004" ordinal="0" offset="51" sl="19" sc="5" el="19" ec="5" bec="0" bev="0" fileid="2" />
                <SequencePoint vc="36" uspid="1005" ordinal="0" offset="52" sl="20" sc="9" el="20" ec="9" bec="0" bev="0" fileid="2" />
                <SequencePoint vc="36" uspid="1006" ordinal="0" offset="59" sl="21" sc="9" el="21" ec="9" bec="0" bev="0" fileid="2" />
                <SequencePoint vc="36" uspid="1007" ordinal="0" offset="66" sl="22" sc="9" el="22" ec="9" bec="0" bev="0" fileid="2" />
                <SequencePoint vc="36" uspid="1008" ordinal="0" offset="73" sl="23" sc="9" el="23" ec="9" bec="0" bev="0" fileid="2" />
                <SequencePoint vc="36" uspid="1009" ordinal="0" offset="81" sl="24" sc="5" el="24" ec="5" bec="0" bev="0" fileid="2" />
              </SequencePoints>
              <BranchPoints />
            </Method>
          </Methods>
        </Class>
        <Class>
          <Summary numSequencePoints="80" visitedSequencePoints="64" numBranchPoints="0" visitedBranchPoints="0" sequenceCoverage="80.00" branchCoverage="0.0" maxCyclomaticComplexity="0" minCyclomaticComplexity="0" maxCrapScore="0" minCrapScore="0" visitedClasses="1" numClasses="1" visitedMethods="8" numMethods="8" />
          <FullName>AnchorManager</FullName>
          <Methods>
            <Method visited="true" cyclomaticComplexity="0" nPathComplexity="0" sequenceCoverage="85.71" branchCoverage="0" crapScore="0" isConstructor="false" isStatic="false" isGetter="false" isSetter="false">
              <Summary numSequencePoints="7" visitedSequencePoints="6" numBranchPoints="0" visitedBranchPoints="0" sequenceCoverage="85.71" branchCoverage="0" maxCyclomaticComplexity="0" minCyclomaticComplexity="0" maxCrapScore="0" minCrapScore="0" visitedClasses="0" numClasses="0" visitedMethods="1" numMethods="1" />
              <MetadataToken>100663336</MetadataToken>
              <Name>System.Void AnchorManager::Start()</Name>
              <FileRef uid="3" />
              <SequencePoints>
                <SequencePoint vc="12" uspid="1010" ordinal="0" offset="0" sl="18" sc="5" el="18" ec="5" bec="0" bev="0" fileid="3" />
                <SequencePoint vc="12" uspid="1011" ordinal="0" offset="1" sl="19" sc="9" el="19" ec="9" bec="0" bev="0" fileid="3" />
                <SequencePoint vc="0" uspid="1012" ordinal="0" offset="16" sl="20" sc="13" el="20" ec="13" bec="0" bev="0" fileid="3" />
                <SequencePoint vc="12" uspid="1013" ordinal="0" offset="24" sl="22" sc="9" el="22" ec="9" bec="0" bev="0" fileid="3" />
                <SequencePoint vc="12" uspid="1014" ordinal="0" offset="25" sl="23" sc="13" el="23" ec="13" bec="0" bev="0" fileid="3" />
                <SequencePoint vc="12" uspid="1015" ordinal="0" offset="32" sl="24" sc="9" el="24" ec="9" bec="0" bev="0" fileid="3" />
                <SequencePoint vc="12" uspid="1016" ordinal="0" offset="33" sl="25" sc="5" el="25" ec="5" bec="0" bev="0" fileid="3" />
              </SequencePoints>
              <BranchPoints />
            </Method>
            <Method visited="true" cyclomaticComplexity="0" nPathComplexity="0" sequenceCoverage="100.0" branchCoverage="0" crapScore="0" isConstructor="false" isStatic="false" isGetter="false" isSetter="false">
              <Summary numSequencePoints="5" visitedSequencePoints="5" numBranchPoints="0" visitedBranchPoints="0" sequenceCoverage="100.0" branchCoverage="0" maxCyclomaticComplexity="0" minCyclomaticComplexity="0" maxCrapScore="0" minCrapScore="0" visitedClasses="0" numClasses="0" visitedMethods="1" numMethods="1" />
              <MetadataToken>100663337</MetadataToken>
              <Name>System.Void AnchorManager::AddAnchor(UnityEngine.GameObject)</Name>
              <FileRef uid="3" />
              <SequencePoints>
                <SequencePoint vc="6" uspid="1017" ordinal="0" offset="0" sl="28" sc="5" el="28" ec="5" bec="0" bev="0" fileid="3" />
                <SequencePoint vc="6" uspid="1018" ordinal="0" offset="1" sl="29" sc="9" el="29" ec="9" bec="0" bev="0" fileid="3" />
                <SequencePoint vc="6" uspid="1019" ordinal="0" offset="14" sl="30" sc="9" el="30" ec="9" bec="0" bev="0" fileid="3" />
                <SequencePoint vc="6" uspid="1020" ordinal="0" offset="27" sl="31" sc="9" el="31" ec="9" bec="0" bev="0" fileid="3" />
                <SequencePoint vc="6" uspid="1021" ordinal="0" offset="34" sl="32" sc="5" el="32" ec="5" bec="0" bev="0" fileid="3" />
              </SequencePoints>
              <BranchPoints />
            </Method>
            <Method visited="true" cyclomaticComplexity="0" nPathComplexity="0" sequenceCoverage="93.75" branchCoverage="0" crapScore="0" isConstructor="false" isStatic="false" isGetter="false" isSetter="false">
              <Summary numSequencePoints="16" visitedSequencePoints="15" numBranchPoints="0" visitedBranchPoints="0" sequenceCoverage="93.75" branchCoverage="0" maxCyclomaticComplexity="0" minCyclomaticComplexity="0" maxCrapScore="0" minCrapScore="0" visitedClasses="0" numClasses="0" visitedMethods="1" numMethods="1" />
              <MetadataToken>100663338</MetadataToken>
              <Name>System.Void AnchorManager::TryAssignAnchorToWaitingUser()</Name>
              <FileRef uid="3" />
              <SequencePoints>
                <SequencePoint vc="15" uspid="1022" ordinal="0" offset="0" sl="35" sc="5" el="35" ec="5" bec="0" bev="0" fileid="3" />
                <SequencePoint vc="15" uspid="1023" ordinal="0" offset="1" sl="36" sc="9" el="36" ec="9" bec="0" bev="0" fileid="3" />
                <SequencePoint vc="2" uspid="1024" ordinal="0" offset="14" sl="38" sc="9" el="38" ec="9" bec="0" bev="0" fileid="3" />
                <SequencePoint vc="2" uspid="1025" ordinal="0" offset="15" sl="39" sc="13" el="39" ec="13" bec="0" bev="0" fileid="3" />
                <SequencePoint vc="2" uspid="1026" ordinal="0" offset="28" sl="40" sc="13" el="40" ec="13" bec="0" bev="0" fileid="3" />
                <SequencePoint vc="2" uspid="1027" ordinal="0" offset="41" sl="42" sc="13" el="42" ec="13" bec="0" bev="0" fileid="3" />
                <SequencePoint vc="2" uspid="1028" ordinal="0" offset="49" sl="43" sc="13" el="43" ec="13" bec="0" bev="0" fileid="3" />
                <SequencePoint vc="2" uspid="1029" ordinal="0" offset="57" sl="45" sc="13" el="45" ec="13" bec="0" bev="0" fileid="3" />
                <SequencePoint vc="2" uspid="1030" ordinal="0" offset="65" sl="46" sc="13" el="46" ec="13" bec="0" bev="0" fileid="3" />
                <SequencePoint vc="2" uspid="1031" ordinal="0" offset="73" sl="48" sc="13" el="48" ec="13" bec="0" bev="0" fileid="3" />
                <SequencePoint vc="2" uspid="1032" ordinal="0" offset="85" sl="49" sc="13" el="49" ec="13" bec="0" bev="0" fileid="3" />
                <SequencePoint vc="2" uspid="1033" ordinal="0" offset="93" sl="52" sc="13" el="52" ec="13" bec="0" bev="0" fileid="3" />
                <SequencePoint vc="0" uspid="1034" ordinal="0" offset="105" sl="53" sc="17" el="53" ec="17" bec="0" bev="0" fileid="3" />
                <SequencePoint vc="2" uspid="1035" ordinal="0" offset="114" sl="54" sc="9" el="54" ec="9" bec="0" bev="0" fileid="3" />
                <SequencePoint vc="17" uspid="1036" ordinal="0" offset="115" sl="37" sc="9" el="37" ec="9" bec="0" bev="0" fileid="3" />
                <SequencePoint vc="15" uspid="1037" ordinal="0" offset="150" sl="55" sc="5" el="55" ec="5" bec="0" bev="0" fileid="3" />
              </SequencePoints>
              <BranchPoints />
            </Method>
            <Method visited="true" cyclomaticComplexity="0" nPathComplexity="0" sequenceCoverage="37.50" branchCoverage="0" crapScore="0" isConstructor="false" isStatic="false" isGetter="false" isSetter="false">
              <Summary numSequencePoints="16" visitedSequencePoints="6" numBranchPoints="0" visitedBranchPoints="0" sequenceCoverage="37.50" branchCoverage="0" maxCyclomaticComplexity="0" minCyclomaticComplexity="0" maxCrapScore="0" minCrapScore="0" visitedClasses="0" numClasses="0" visitedMethods="1" numMethods="1" />
              <MetadataToken>100663339</MetadataToken>
              <Name>System.Void AnchorManager::AssignAnchorToUser(User)</Name>
              <FileRef uid="3" />
              <SequencePoints>
                <SequencePoint vc="4" uspid="1038" ordinal="0" offset="0" sl="59" sc="5" el="59" ec="5" bec="0" bev="0" fileid="3" />
                <SequencePoint vc="4" uspid="1039" ordinal="0" offset="1" sl="60" sc="9" el="60" ec="9" bec="0" bev="0" fileid="3" />
                <SequencePoint vc="0" uspid="1040" ordinal="0" offset="19" sl="61" sc="9" el="61" ec="9" bec="0" bev="0" fileid="3" />
                <SequencePoint vc="0" uspid="1041" ordinal="0" offset="20" sl="62" sc="13" el="62" ec="13" bec="0" bev="0" fileid="3" />
                <SequencePoint vc="0" uspid="1042" ordinal="0" offset="33" sl="63" sc="13" el="63" ec="13" bec="0" bev="0" fileid="3" />
                <SequencePoint vc="0" uspid="1043" ordinal="0" offset="46" sl="65" sc="13" el="65" ec="13" bec="0" bev="0" fileid="3" />
                <SequencePoint vc="0" uspid="1044" ordinal="0" offset="54" sl="67" sc="13" el="67" ec="13" bec="0" bev="0" fileid="3" />
                <SequencePoint vc="0" uspid="1045" ordinal="0" offset="62" sl="69" sc="13" el="69" ec="13" bec="0" bev="0" fileid="3" />
                <SequencePoint vc="0" uspid="1046" ordinal="0" offset="74" sl="70" sc="13" el="70" ec="13" bec="0" bev="0" fileid="3" />
                <SequencePoint vc="0" uspid="1047" ordinal="0" offset="81" sl="73" sc="13" el="73" ec="13" bec="0" bev="0" fileid="3" />
                <SequencePoint vc="0" uspid="1048" ordinal="0" offset="93" sl="74" sc="17" el="74" ec="17" bec="0" bev="0" fileid="3" />
                <SequencePoint vc="0" uspid="1049" ordinal="0" offset="101" sl="75" sc="9" el="75" ec="9" bec="0" bev="0" fileid="3" />
                <SequencePoint vc="4" uspid="1050" ordinal="0" offset="104" sl="77" sc="9" el="77" ec="9" bec="0" bev="0" fileid="3" />
                <SequencePoint vc="4" uspid="1051" ordinal="0" offset="105" sl="78" sc="13" el="78" ec="13" bec="0" bev="0" fileid="3" />
                <SequencePoint vc="4" uspid="1052" ordinal="0" offset="117" sl="79" sc="9" el="79" ec="9" bec="0" bev="0" fileid="3" />
                <SequencePoint vc="4" uspid="1053" ordinal="0" offset="118" sl="80" sc="5" el="80" ec="5" bec="0" bev="0" fileid="3" />
              </SequencePoints>
              <BranchPoints />
            </Method>
            <Method visited="true" cyclomaticComplexity="0" nPathComplexity="0" sequenceCoverage="66.67" branchCoverage="0" crapScore="0" isConstructor="false" isStatic="false" isGetter="false" isSetter="false">
              <Summary numSequencePoints="12" visitedSequencePoints="8" numBranchPoints="0" visitedBranchPoints="0" sequenceCoverage="66.67" branchCoverage="0" maxCyclomaticComplexity="0" minCyclomaticComplexity="0" maxCrapScore="0" minCrapScore="0" visitedClasses="0" numClasses="0" visitedMethods="1" numMethods="1" />
              <MetadataToken>100663340</MetadataToken>
              <Name>System.Void AnchorManager::SetVideo(User)</Name>
              <FileRef uid="3" />
              <SequencePoints>
                <SequencePoint vc="2" uspid="1054" ordinal="0" offset="0" sl="83" sc="5" el="83" ec="5" bec="0" bev="0" fileid="3" />
                <SequencePoint vc="2" uspid="1055" ordinal="0" offset="1" sl="84" sc="9" el="84" ec="9" bec="0" bev="0" fileid="3" />
                <SequencePoint vc="2" uspid="1056" ordinal="0" offset="13" sl="85" sc="9" el="85" ec="9" bec="0" bev="0" fileid="3" />
                <SequencePoint vc="2" uspid="1057" ordinal="0" offset="20" sl="86" sc="9" el="86" ec="9" bec="0" bev="0" fileid="3" />
                <SequencePoint vc="0" uspid="1058" ordinal="0" offset="32" sl="87" sc="9" el="87" ec="9" bec="0" bev="0" fileid="3" />
                <SequencePoint vc="0" uspid="1059" ordinal="0" offset="33" sl="88" sc="13" el="88" ec="13" bec="0" bev="0" fileid="3" />
                <SequencePoint vc="0" uspid="1060" ordinal="0" offset="49" sl="90" sc="13" el="90" ec="13" bec="0" bev="0" fileid="3" />
                <SequencePoint vc="0" uspid="1061" ordinal="0" offset="87" sl="108" sc="9" el="108" ec="9" bec="0" bev="0" fileid="3" />
                <SequencePoint vc="2" uspid="1062" ordinal="0" offset="90" sl="110" sc="9" el="110" ec="9" bec="0" bev="0" fileid="3" />
                <SequencePoint vc="2" uspid="1063" ordinal="0" offset="91" sl="111" sc="13" el="111" ec="13" bec="0" bev="0" fileid="3" />
                <SequencePoint vc="2" uspid="1064" ordinal="0" offset="113" sl="112" sc="9" el="112" ec="9" bec="0" bev="0" fileid="3" />
                <SequencePoint vc="2" uspid="1065" ordinal="0" offset="114" sl="113" sc="5" el="113" ec="5" bec="0" bev="0" fileid="3" />
              </SequencePoints>
              <BranchPoints />
            </Method>
            <Method visited="true" cyclomaticComplexity="0" nPathComplexity="0" sequenceCoverage="100.0" branchCoverage="0" crapScore="0" isConstructor="false" isStatic="false" isGetter="false" isSetter="false">
              <Summary numSequencePoints="11" visitedSequencePoints="11" numBranchPoints="0" visitedBranchPoints="0" sequenceCoverage="100.0" branchCoverage="0" maxCyclomaticComplexity="0" minCyclomaticComplexity="0" maxCrapScore="0" minCrapScore="0" visitedClasses="0" numClasses="0" visitedMethods="1" numMethods="1" />
              <MetadataToken>100663341</MetadataToken>
              <Name>System.Void AnchorManager::RemoveAnchor(UnityEngine.GameObject)</Name>
              <FileRef uid="3" />
              <SequencePoints>
                <SequencePoint vc="8" uspid="1066" ordinal="0" offset="13" sl="116" sc="5" el="116" ec="5" bec="0" bev="0" fileid="3" />
                <SequencePoint vc="8" uspid="1067" ordinal="0" offset="14" sl="117" sc="9" el="117" ec="9" bec="0" bev="0" fileid="3" />
                <SequencePoint vc="8" uspid="1068" ordinal="0" offset="42" sl="118" sc="9" el="118" ec="9" bec="0" bev="0" fileid="3" />
                <SequencePoint vc="1" uspid="1069" ordinal="0" offset="50" sl="119" sc="9" el="119" ec="9" bec="0" bev="0" fileid="3" />
                <SequencePoint vc="1" uspid="1070" ordinal="0" offset="51" sl="120" sc="13" el="120" ec="13" bec="0" bev="0" fileid="3" />
                <SequencePoint vc="1" uspid="1071" ordinal="0" offset="59" sl="121" sc="13" el="121" ec="13" bec="0" bev="0" fileid="3" />
                <SequencePoint vc="1" uspid="1072" ordinal="0" offset="71" sl="122" sc="9" el="122" ec="9" bec="0" bev="0" fileid="3" />
                <SequencePoint vc="8" uspid="1073" ordinal="0" offset="72" sl="124" sc="9" el="124" ec="9" bec="0" bev="0" fileid="3" />
                <SequencePoint vc="8" uspid="1074" ordinal="0" offset="90" sl="125" sc="9" el="125" ec="9" bec="0" bev="0" fileid="3" />
                <SequencePoint vc="8" uspid="1075" ordinal="0" offset="108" sl="126" sc="9" el="126" ec="9" bec="0" bev="0" fileid="3" />
                <SequencePoint vc="8" uspid="1076" ordinal="0" offset="120" sl="127" sc="5" el="127" ec="5" bec="0" bev="0" fileid="3" />
              </SequencePoints>
              <BranchPoints />
            </Method>
            <Method visited="true" cyclomaticComplexity="0" nPathComplexity="0" sequenceCoverage="100.0" branchCoverage="0" crapScore="0" isConstructor="false" isStatic="false" isGetter="false" isSetter="false">
              <Summary numSequencePoints="11" visitedSequencePoints="11" numBranchPoints="0" visitedBranchPoints="0" sequenceCoverage="100.0" branchCoverage="0" maxCyclomaticComplexity="0" minCyclomaticComplexity="0" maxCrapScore="0" minCrapScore="0" visitedClasses="0" numClasses="0" visitedMethods="1" numMethods="1" />
              <MetadataToken>100663342</MetadataToken>
              <Name>System.Void AnchorManager::OnCallQuit()</Name>
              <FileRef uid="3" />
              <SequencePoints>
                <SequencePoint vc="2" uspid="1077" ordinal="0" offset="0" sl="130" sc="5" el="130" ec="5" bec="0" bev="0" fileid="3" />
                <SequencePoint vc="2" uspid="1078" ordinal="0" offset="1" sl="131" sc="9" el="131" ec="9" bec="0" bev="0" fileid="3" />
                <SequencePoint vc="2" uspid="1079" ordinal="0" offset="2" sl="131" sc="32" el="131" ec="32" bec="0" bev="0" fileid="3" />
                <SequencePoint vc="2" uspid="1080" ordinal="0" offset="16" sl="131" sc="18" el="131" ec="18" bec="0" bev="0" fileid="3" />
                <SequencePoint vc="2" uspid="1081" ordinal="0" offset="24" sl="132" sc="9" el="132" ec="9" bec="0" bev="0" fileid="3" />
                <SequencePoint vc="2" uspid="1082" ordinal="0" offset="25" sl="133" sc="13" el="133" ec="13" bec="0" bev="0" fileid="3" />
                <SequencePoint vc="2" uspid="1083" ordinal="0" offset="32" sl="134" sc="9" el="134" ec="9" bec="0" bev="0" fileid="3" />
                <SequencePoint vc="4" uspid="1084" ordinal="0" offset="33" sl="131" sc="29" el="131" ec="29" bec="0" bev="0" fileid="3" />
                <SequencePoint vc="2" uspid="1085" ordinal="0" offset="59" sl="136" sc="9" el="136" ec="9" bec="0" bev="0" fileid="3" />
                <SequencePoint vc="2" uspid="1086" ordinal="0" offset="71" sl="137" sc="9" el="137" ec="9" bec="0" bev="0" fileid="3" />
                <SequencePoint vc="2" uspid="1087" ordinal="0" offset="83" sl="138" sc="5" el="138" ec="5" bec="0" bev="0" fileid="3" />
              </SequencePoints>
              <BranchPoints />
            </Method>
            <Method visited="true" cyclomaticComplexity="0" nPathComplexity="0" sequenceCoverage="100.0" branchCoverage="0" crapScore="0" isConstructor="true" isStatic="false" isGetter="false" isSetter="false">
              <Summary numSequencePoints="2" visitedSequencePoints="2" numBranchPoints="0" visitedBranchPoints="0" sequenceCoverage="100.0" branchCoverage="0" maxCyclomaticComplexity="0" minCyclomaticComplexity="0" maxCrapScore="0" minCrapScore="0" visitedClasses="0" numClasses="0" visitedMethods="1" numMethods="1" />
              <MetadataToken>100663343</MetadataToken>
              <Name>AnchorManager::AnchorManager()</Name>
              <FileRef uid="3" />
              <SequencePoints>
                <SequencePoint vc="79" uspid="1088" ordinal="0" offset="0" sl="13" sc="22" el="13" ec="22" bec="0" bev="0" fileid="3" />
                <SequencePoint vc="79" uspid="1089" ordinal="0" offset="11" sl="14" sc="5" el="14" ec="5" bec="0" bev="0" fileid="3" />
              </SequencePoints>
              <BranchPoints />
            </Method>
          </Methods>
        </Class>
        <Class>
          <Summary numSequencePoints="6" visitedSequencePoints="6" numBranchPoints="0" visitedBranchPoints="0" sequenceCoverage="100.0" branchCoverage="0.0" maxCyclomaticComplexity="0" minCyclomaticComplexity="0" maxCrapScore="0" minCrapScore="0" visitedClasses="1" numClasses="1" visitedMethods="2" numMethods="2" />
          <FullName>AnchorSpawner</FullName>
          <Methods>
            <Method visited="true" cyclomaticComplexity="0" nPathComplexity="0" sequenceCoverage="100.0" branchCoverage="0" crapScore="0" isConstructor="false" isStatic="false" isGetter="false" isSetter="false">
              <Summary numSequencePoints="3" visitedSequencePoints="3" numBranchPoints="0" visitedBranchPoints="0" sequenceCoverage="100.0" branchCoverage="0" maxCyclomaticComplexity="0" minCyclomaticComplexity="0" maxCrapScore="0" minCrapScore="0" visitedClasses="0" numClasses="0" visitedMethods="1" numMethods="1" />
              <MetadataToken>100663344</MetadataToken>
              <Name>System.Void AnchorSpawner::Awake()</Name>
              <FileRef uid="4" />
              <SequencePoints>
                <SequencePoint vc="11" uspid="1090" ordinal="0" offset="0" sl="18" sc="5" el="18" ec="5" bec="0" bev="0" fileid="4" />
                <SequencePoint vc="11" uspid="1091" ordinal="0" offset="1" sl="20" sc="9" el="20" ec="9" bec="0" bev="0" fileid="4" />
                <SequencePoint vc="11" uspid="1092" ordinal="0" offset="13" sl="21" sc="5" el="21" ec="5" bec="0" bev="0" fileid="4" />
              </SequencePoints>
              <BranchPoints />
            </Method>
            <Method visited="true" cyclomaticComplexity="0" nPathComplexity="0" sequenceCoverage="100.0" branchCoverage="0" crapScore="0" isConstructor="false" isStatic="false" isGetter="false" isSetter="false">
              <Summary numSequencePoints="3" visitedSequencePoints="3" numBranchPoints="0" visitedBranchPoints="0" sequenceCoverage="100.0" branchCoverage="0" maxCyclomaticComplexity="0" minCyclomaticComplexity="0" maxCrapScore="0" minCrapScore="0" visitedClasses="0" numClasses="0" visitedMethods="1" numMethods="1" />
              <MetadataToken>100663345</MetadataToken>
              <Name>System.Void AnchorSpawner::Start()</Name>
[...]
                <SequencePoint vc="1" uspid="1537" ordinal="0" offset="797" sl="205" sc="9" el="205" ec="9" bec="0" bev="0" fileid="2" />
                <SequencePoint vc="7" uspid="1538" ordinal="0" offset="882" sl="206" sc="5" el="206" ec="5" bec="0" bev="0" fileid="2" />
              </SequencePoints>
              <BranchPoints />
            </Method>
          </Methods>
        </Class>
        <Class>
          <Summary numSequencePoints="16" visitedSequencePoints="14" numBranchPoints="0" visitedBranchPoints="0" sequenceCoverage="87.50" branchCoverage="0.0" maxCyclomaticComplexity="0" minCyclomaticComplexity="0" maxCrapScore="0" minCrapScore="0" visitedClasses="1" numClasses="1" visitedMethods="1" numMethods="1" />
          <FullName>AgoraRTMManager/&lt;OnLoginAsync&gt;d__12</FullName>
          <Methods>
            <Method visited="true" cyclomaticComplexity="0" nPathComplexity="0" sequenceCoverage="87.50" branchCoverage="0" crapScore="0" isConstructor="false" isStatic="false" isGetter="false" isSetter="false">
              <Summary numSequencePoints="16" visitedSequencePoints="14" numBranchPoints="0" visitedBranchPoints="0" sequenceCoverage="87.50" branchCoverage="0" maxCyclomaticComplexity="0" minCyclomaticComplexity="0" maxCrapScore="0" minCrapScore="0" visitedClasses="0" numClasses="0" visitedMethods="1" numMethods="1" />
              <MetadataToken>100663422</MetadataToken>
              <Name>System.Void AgoraRTMManager/&lt;OnLoginAsync&gt;d__12::MoveNext()</Name>
              <FileRef uid="2" />
              <SequencePoints>
                <SequencePoint vc="4" uspid="1539" ordinal="0" offset="14" sl="242" sc="5" el="242" ec="5" bec="0" bev="0" fileid="2" />
                <SequencePoint vc="4" uspid="1540" ordinal="0" offset="15" sl="243" sc="9" el="243" ec="9" bec="0" bev="0" fileid="2" />
                <SequencePoint vc="1" uspid="1541" ordinal="0" offset="33" sl="244" sc="9" el="244" ec="9" bec="0" bev="0" fileid="2" />
                <SequencePoint vc="1" uspid="1542" ordinal="0" offset="34" sl="245" sc="13" el="245" ec="13" bec="0" bev="0" fileid="2" />
                <SequencePoint vc="1" uspid="1543" ordinal="0" offset="45" sl="246" sc="13" el="246" ec="13" bec="0" bev="0" fileid="2" />
                <SequencePoint vc="3" uspid="1544" ordinal="0" offset="50" sl="249" sc="9" el="249" ec="9" bec="0" bev="0" fileid="2" />
                <SequencePoint vc="0" uspid="1545" ordinal="0" offset="101" sl="249" sc="9" el="249" ec="9" bec="0" bev="0" fileid="2" />
                <SequencePoint vc="0" uspid="1546" ordinal="0" offset="131" sl="249" sc="9" el="249" ec="9" bec="0" bev="0" fileid="2" />
                <SequencePoint vc="3" uspid="1547" ordinal="0" offset="191" sl="251" sc="9" el="251" ec="9" bec="0" bev="0" fileid="2" />
                <SequencePoint vc="1" uspid="1548" ordinal="0" offset="213" sl="252" sc="9" el="252" ec="9" bec="0" bev="0" fileid="2" />
                <SequencePoint vc="1" uspid="1549" ordinal="0" offset="214" sl="253" sc="13" el="253" ec="13" bec="0" bev="0" fileid="2" />
                <SequencePoint vc="1" uspid="1550" ordinal="0" offset="251" sl="254" sc="9" el="254" ec="9" bec="0" bev="0" fileid="2" />
                <SequencePoint vc="2" uspid="1551" ordinal="0" offset="254" sl="256" sc="9" el="256" ec="9" bec="0" bev="0" fileid="2" />
                <SequencePoint vc="2" uspid="1552" ordinal="0" offset="255" sl="257" sc="13" el="257" ec="13" bec="0" bev="0" fileid="2" />
                <SequencePoint vc="2" uspid="1553" ordinal="0" offset="266" sl="258" sc="9" el="258" ec="9" bec="0" bev="0" fileid="2" />
                <SequencePoint vc="4" uspid="1554" ordinal="0" offset="302" sl="259" sc="5" el="259" ec="5" bec="0" bev="0" fileid="2" />
              </SequencePoints>
              <BranchPoints />
            </Method>
          </Methods>
        </Class>
        <Class>
          <Summary numSequencePoints="10" visitedSequencePoints="5" numBranchPoints="0" visitedBranchPoints="0" sequenceCoverage="50.00" branchCoverage="0.0" maxCyclomaticComplexity="0" minCyclomaticComplexity="0" maxCrapScore="0" minCrapScore="0" visitedClasses="1" numClasses="1" visitedMethods="1" numMethods="1" />
          <FullName>AgoraRTMManager/&lt;OnLogoutAsync&gt;d__15</FullName>
          <Methods>
            <Method visited="true" cyclomaticComplexity="0" nPathComplexity="0" sequenceCoverage="50.00" branchCoverage="0" crapScore="0" isConstructor="false" isStatic="false" isGetter="false" isSetter="false">
              <Summary numSequencePoints="10" visitedSequencePoints="5" numBranchPoints="0" visitedBranchPoints="0" sequenceCoverage="50.00" branchCoverage="0" maxCyclomaticComplexity="0" minCyclomaticComplexity="0" maxCrapScore="0" minCrapScore="0" visitedClasses="0" numClasses="0" visitedMethods="1" numMethods="1" />
              <MetadataToken>100663425</MetadataToken>
              <Name>System.Void AgoraRTMManager/&lt;OnLogoutAsync&gt;d__15::MoveNext()</Name>
              <FileRef uid="2" />
              <SequencePoints>
                <SequencePoint vc="2" uspid="1555" ordinal="0" offset="14" sl="328" sc="5" el="328" ec="5" bec="0" bev="0" fileid="2" />
                <SequencePoint vc="2" uspid="1556" ordinal="0" offset="15" sl="329" sc="9" el="329" ec="9" bec="0" bev="0" fileid="2" />
                <SequencePoint vc="0" uspid="1557" ordinal="0" offset="33" sl="330" sc="9" el="330" ec="9" bec="0" bev="0" fileid="2" />
                <SequencePoint vc="0" uspid="1558" ordinal="0" offset="34" sl="331" sc="13" el="331" ec="13" bec="0" bev="0" fileid="2" />
                <SequencePoint vc="0" uspid="1559" ordinal="0" offset="45" sl="332" sc="13" el="332" ec="13" bec="0" bev="0" fileid="2" />
                <SequencePoint vc="2" uspid="1560" ordinal="0" offset="50" sl="335" sc="9" el="335" ec="9" bec="0" bev="0" fileid="2" />
                <SequencePoint vc="0" uspid="1561" ordinal="0" offset="90" sl="335" sc="9" el="335" ec="9" bec="0" bev="0" fileid="2" />
                <SequencePoint vc="0" uspid="1562" ordinal="0" offset="120" sl="335" sc="9" el="335" ec="9" bec="0" bev="0" fileid="2" />
                <SequencePoint vc="2" uspid="1563" ordinal="0" offset="180" sl="336" sc="9" el="336" ec="9" bec="0" bev="0" fileid="2" />
                <SequencePoint vc="1" uspid="1564" ordinal="0" offset="252" sl="337" sc="5" el="337" ec="5" bec="0" bev="0" fileid="2" />
              </SequencePoints>
              <BranchPoints />
            </Method>
          </Methods>
        </Class>
        <Class>
          <Summary numSequencePoints="1" visitedSequencePoints="1" numBranchPoints="0" visitedBranchPoints="0" sequenceCoverage="100.0" branchCoverage="0.0" maxCyclomaticComplexity="0" minCyclomaticComplexity="0" maxCrapScore="0" minCrapScore="0" visitedClasses="1" numClasses="1" visitedMethods="1" numMethods="1" />
          <FullName>AnchorManager/&lt;&gt;c__DisplayClass9_0</FullName>
          <Methods>
            <Method visited="true" cyclomaticComplexity="0" nPathComplexity="0" sequenceCoverage="100.0" branchCoverage="0" crapScore="0" isConstructor="false" isStatic="false" isGetter="false" isSetter="false">
              <Summary numSequencePoints="1" visitedSequencePoints="1" numBranchPoints="0" visitedBranchPoints="0" sequenceCoverage="100.0" branchCoverage="0" maxCyclomaticComplexity="0" minCyclomaticComplexity="0" maxCrapScore="0" minCrapScore="0" visitedClasses="0" numClasses="0" visitedMethods="1" numMethods="1" />
              <MetadataToken>100663431</MetadataToken>
              <Name>System.Boolean AnchorManager/&lt;&gt;c__DisplayClass9_0::&lt;RemoveAnchor&gt;b__0(User)</Name>
              <FileRef uid="3" />
              <SequencePoints>
                <SequencePoint vc="6" uspid="1568" ordinal="0" offset="0" sl="117" sc="65" el="117" ec="65" bec="0" bev="0" fileid="3" />
              </SequencePoints>
              <BranchPoints />
            </Method>
          </Methods>
        </Class>
        <Class>
          <Summary numSequencePoints="25" visitedSequencePoints="6" numBranchPoints="0" visitedBranchPoints="0" sequenceCoverage="24.00" branchCoverage="0.0" maxCyclomaticComplexity="0" minCyclomaticComplexity="0" maxCrapScore="0" minCrapScore="0" visitedClasses="1" numClasses="1" visitedMethods="1" numMethods="1" />
          <FullName>AnchorSpawner/&lt;SpawnAnchor&gt;d__4</FullName>
          <Methods>
            <Method visited="true" cyclomaticComplexity="0" nPathComplexity="0" sequenceCoverage="24.00" branchCoverage="0" crapScore="0" isConstructor="false" isStatic="false" isGetter="false" isSetter="false">
              <Summary numSequencePoints="25" visitedSequencePoints="6" numBranchPoints="0" visitedBranchPoints="0" sequenceCoverage="24.00" branchCoverage="0" maxCyclomaticComplexity="0" minCyclomaticComplexity="0" maxCrapScore="0" minCrapScore="0" visitedClasses="0" numClasses="0" visitedMethods="1" numMethods="1" />
              <MetadataToken>100663433</MetadataToken>
              <Name>System.Void AnchorSpawner/&lt;SpawnAnchor&gt;d__4::MoveNext()</Name>
              <FileRef uid="4" />
              <SequencePoints>
                <SequencePoint vc="8" uspid="1569" ordinal="0" offset="17" sl="30" sc="5" el="30" ec="5" bec="0" bev="0" fileid="4" />
                <SequencePoint vc="8" uspid="1570" ordinal="0" offset="18" sl="31" sc="9" el="31" ec="9" bec="0" bev="0" fileid="4" />
                <SequencePoint vc="8" uspid="1571" ordinal="0" offset="29" sl="32" sc="9" el="32" ec="9" bec="0" bev="0" fileid="4" />
                <SequencePoint vc="8" uspid="1572" ordinal="0" offset="52" sl="46" sc="9" el="46" ec="9" bec="0" bev="0" fileid="4" />
                <SequencePoint vc="8" uspid="1573" ordinal="0" offset="73" sl="47" sc="13" el="47" ec="13" bec="0" bev="0" fileid="4" />
                <SequencePoint vc="0" uspid="1574" ordinal="0" offset="78" sl="49" sc="9" el="49" ec="9" bec="0" bev="0" fileid="4" />
                <SequencePoint vc="0" uspid="1575" ordinal="0" offset="101" sl="51" sc="9" el="51" ec="9" bec="0" bev="0" fileid="4" />
                <SequencePoint vc="0" uspid="1576" ordinal="0" offset="119" sl="52" sc="13" el="52" ec="13" bec="0" bev="0" fileid="4" />
                <SequencePoint vc="0" uspid="1577" ordinal="0" offset="124" sl="54" sc="9" el="54" ec="9" bec="0" bev="0" fileid="4" />
                <SequencePoint vc="0" uspid="1578" ordinal="0" offset="159" sl="56" sc="9" el="56" ec="9" bec="0" bev="0" fileid="4" />
                <SequencePoint vc="0" uspid="1579" ordinal="0" offset="160" sl="57" sc="13" el="57" ec="13" bec="0" bev="0" fileid="4" />
                <SequencePoint vc="0" uspid="1580" ordinal="0" offset="165" sl="61" sc="9" el="61" ec="9" bec="0" bev="0" fileid="4" />
                <SequencePoint vc="0" uspid="1581" ordinal="0" offset="208" sl="63" sc="9" el="63" ec="9" bec="0" bev="0" fileid="4" />
                <SequencePoint vc="0" uspid="1582" ordinal="0" offset="255" sl="63" sc="9" el="63" ec="9" bec="0" bev="0" fileid="4" />
                <SequencePoint vc="0" uspid="1583" ordinal="0" offset="287" sl="63" sc="9" el="63" ec="9" bec="0" bev="0" fileid="4" />
                <SequencePoint vc="0" uspid="1584" ordinal="0" offset="353" sl="65" sc="9" el="65" ec="9" bec="0" bev="0" fileid="4" />
                <SequencePoint vc="0" uspid="1585" ordinal="0" offset="382" sl="66" sc="9" el="66" ec="9" bec="0" bev="0" fileid="4" />
                <SequencePoint vc="0" uspid="1586" ordinal="0" offset="383" sl="67" sc="13" el="67" ec="13" bec="0" bev="0" fileid="4" />
                <SequencePoint vc="0" uspid="1587" ordinal="0" offset="400" sl="68" sc="13" el="68" ec="13" bec="0" bev="0" fileid="4" />
                <SequencePoint vc="0" uspid="1588" ordinal="0" offset="442" sl="70" sc="13" el="70" ec="13" bec="0" bev="0" fileid="4" />
                <SequencePoint vc="0" uspid="1589" ordinal="0" offset="485" sl="72" sc="13" el="72" ec="13" bec="0" bev="0" fileid="4" />
                <SequencePoint vc="0" uspid="1590" ordinal="0" offset="513" sl="73" sc="13" el="73" ec="13" bec="0" bev="0" fileid="4" />
                <SequencePoint vc="0" uspid="1591" ordinal="0" offset="525" sl="74" sc="13" el="74" ec="13" bec="0" bev="0" fileid="4" />
                <SequencePoint vc="0" uspid="1592" ordinal="0" offset="542" sl="75" sc="9" el="75" ec="9" bec="0" bev="0" fileid="4" />
                <SequencePoint vc="8" uspid="1593" ordinal="0" offset="616" sl="76" sc="5" el="76" ec="5" bec="0" bev="0" fileid="4" />
              </SequencePoints>
              <BranchPoints />
            </Method>
          </Methods>
        </Class>
        <Class>
          <Summary numSequencePoints="25" visitedSequencePoints="8" numBranchPoints="0" visitedBranchPoints="0" sequenceCoverage="32.00" branchCoverage="0.0" maxCyclomaticComplexity="0" minCyclomaticComplexity="0" maxCrapScore="0" minCrapScore="0" visitedClasses="1" numClasses="1" visitedMethods="1" numMethods="1" />
          <FullName>CallManager/&lt;FetchTokensAndJoin&gt;d__12</FullName>
          <Methods>
            <Method visited="true" cyclomaticComplexity="0" nPathComplexity="0" sequenceCoverage="32.00" branchCoverage="0" crapScore="0" isConstructor="false" isStatic="false" isGetter="false" isSetter="false">
              <Summary numSequencePoints="25" visitedSequencePoints="8" numBranchPoints="0" visitedBranchPoints="0" sequenceCoverage="32.00" branchCoverage="0" maxCyclomaticComplexity="0" minCyclomaticComplexity="0" maxCrapScore="0" minCrapScore="0" visitedClasses="0" numClasses="0" visitedMethods="1" numMethods="1" />
              <MetadataToken>100663437</MetadataToken>
              <Name>System.Boolean CallManager/&lt;FetchTokensAndJoin&gt;d__12::MoveNext()</Name>
              <FileRef uid="6" />
              <SequencePoints>
                <SequencePoint vc="2" uspid="1594" ordinal="0" offset="54" sl="56" sc="5" el="56" ec="5" bec="0" bev="0" fileid="6" />
                <SequencePoint vc="2" uspid="1595" ordinal="0" offset="55" sl="58" sc="9" el="58" ec="9" bec="0" bev="0" fileid="6" />
                <SequencePoint vc="2" uspid="1596" ordinal="0" offset="114" sl="59" sc="9" el="59" ec="9" bec="0" bev="0" fileid="6" />
                <SequencePoint vc="2" uspid="1597" ordinal="0" offset="131" sl="60" sc="9" el="60" ec="9" bec="0" bev="0" fileid="6" />
                <SequencePoint vc="1" uspid="1598" ordinal="0" offset="164" sl="62" sc="9" el="62" ec="9" bec="0" bev="0" fileid="6" />
                <SequencePoint vc="1" uspid="1599" ordinal="0" offset="185" sl="63" sc="9" el="63" ec="9" bec="0" bev="0" fileid="6" />
                <SequencePoint vc="1" uspid="1600" ordinal="0" offset="186" sl="64" sc="13" el="64" ec="13" bec="0" bev="0" fileid="6" />
                <SequencePoint vc="1" uspid="1601" ordinal="0" offset="213" sl="65" sc="13" el="65" ec="13" bec="0" bev="0" fileid="6" />
                <SequencePoint vc="0" uspid="1602" ordinal="0" offset="215" sl="68" sc="9" el="68" ec="9" bec="0" bev="0" fileid="6" />
                <SequencePoint vc="0" uspid="1603" ordinal="0" offset="242" sl="69" sc="9" el="69" ec="9" bec="0" bev="0" fileid="6" />
                <SequencePoint vc="0" uspid="1604" ordinal="0" offset="264" sl="72" sc="9" el="72" ec="9" bec="0" bev="0" fileid="6" />
                <SequencePoint vc="0" uspid="1605" ordinal="0" offset="349" sl="73" sc="9" el="73" ec="9" bec="0" bev="0" fileid="6" />
                <SequencePoint vc="0" uspid="1606" ordinal="0" offset="366" sl="74" sc="9" el="74" ec="9" bec="0" bev="0" fileid="6" />
                <SequencePoint vc="0" uspid="1607" ordinal="0" offset="399" sl="76" sc="9" el="76" ec="9" bec="0" bev="0" fileid="6" />
                <SequencePoint vc="0" uspid="1608" ordinal="0" offset="420" sl="77" sc="9" el="77" ec="9" bec="0" bev="0" fileid="6" />
                <SequencePoint vc="0" uspid="1609" ordinal="0" offset="421" sl="78" sc="13" el="78" ec="13" bec="0" bev="0" fileid="6" />
                <SequencePoint vc="0" uspid="1610" ordinal="0" offset="448" sl="79" sc="13" el="79" ec="13" bec="0" bev="0" fileid="6" />
                <SequencePoint vc="0" uspid="1611" ordinal="0" offset="450" sl="82" sc="9" el="82" ec="9" bec="0" bev="0" fileid="6" />
                <SequencePoint vc="0" uspid="1612" ordinal="0" offset="477" sl="83" sc="9" el="83" ec="9" bec="0" bev="0" fileid="6" />
                <SequencePoint vc="0" uspid="1613" ordinal="0" offset="499" sl="85" sc="9" el="85" ec="9" bec="0" bev="0" fileid="6" />
                <SequencePoint vc="0" uspid="1614" ordinal="0" offset="510" sl="87" sc="9" el="87" ec="9" bec="0" bev="0" fileid="6" />
                <SequencePoint vc="0" uspid="1615" ordinal="0" offset="522" sl="88" sc="9" el="88" ec="9" bec="0" bev="0" fileid="6" />
                <SequencePoint vc="0" uspid="1616" ordinal="0" offset="550" sl="89" sc="9" el="89" ec="9" bec="0" bev="0" fileid="6" />
                <SequencePoint vc="0" uspid="1617" ordinal="0" offset="582" sl="90" sc="9" el="90" ec="9" bec="0" bev="0" fileid="6" />
                <SequencePoint vc="0" uspid="1618" ordinal="0" offset="615" sl="91" sc="5" el="91" ec="5" bec="0" bev="0" fileid="6" />
              </SequencePoints>
              <BranchPoints />
            </Method>
          </Methods>
        </Class>
        <Class>
          <Summary numSequencePoints="2" visitedSequencePoints="2" numBranchPoints="0" visitedBranchPoints="0" sequenceCoverage="100.0" branchCoverage="0.0" maxCyclomaticComplexity="0" minCyclomaticComplexity="0" maxCrapScore="0" minCrapScore="0" visitedClasses="1" numClasses="1" visitedMethods="2" numMethods="2" />
          <FullName>ChatManager/&lt;&gt;c__DisplayClass7_0</FullName>
          <Methods>
            <Method visited="true" cyclomaticComplexity="0" nPathComplexity="0" sequenceCoverage="100.0" branchCoverage="0" crapScore="0" isConstructor="false" isStatic="false" isGetter="false" isSetter="false">
              <Summary numSequencePoints="1" visitedSequencePoints="1" numBranchPoints="0" visitedBranchPoints="0" sequenceCoverage="100.0" branchCoverage="0" maxCyclomaticComplexity="0" minCyclomaticComplexity="0" maxCrapScore="0" minCrapScore="0" visitedClasses="0" numClasses="0" visitedMethods="1" numMethods="1" />
              <MetadataToken>100663442</MetadataToken>
              <Name>System.Boolean ChatManager/&lt;&gt;c__DisplayClass7_0::&lt;CreateMessage&gt;b__0(User)</Name>
              <FileRef uid="7" />
              <SequencePoints>
                <SequencePoint vc="1" uspid="1619" ordinal="0" offset="0" sl="45" sc="28" el="45" ec="28" bec="0" bev="0" fileid="7" />
              </SequencePoints>
              <BranchPoints />
            </Method>
            <Method visited="true" cyclomaticComplexity="0" nPathComplexity="0" sequenceCoverage="100.0" branchCoverage="0" crapScore="0" isConstructor="false" isStatic="false" isGetter="false" isSetter="false">
              <Summary numSequencePoints="1" visitedSequencePoints="1" numBranchPoints="0" visitedBranchPoints="0" sequenceCoverage="100.0" branchCoverage="0" maxCyclomaticComplexity="0" minCyclomaticComplexity="0" maxCrapScore="0" minCrapScore="0" visitedClasses="0" numClasses="0" visitedMethods="1" numMethods="1" />
              <MetadataToken>100663443</MetadataToken>
              <Name>System.Boolean ChatManager/&lt;&gt;c__DisplayClass7_0::&lt;CreateMessage&gt;b__1(User)</Name>
              <FileRef uid="7" />
              <SequencePoints>
                <SequencePoint vc="1" uspid="1620" ordinal="0" offset="0" sl="49" sc="37" el="49" ec="37" bec="0" bev="0" fileid="7" />
              </SequencePoints>
              <BranchPoints />
            </Method>
          </Methods>
        </Class>
      </Classes>
    </Module>
  </Modules>
</CoverageSession>