<?xml version="1.0" encoding="utf-8"?>
<CoverageSession xmlns:xsd="http://www.w3.org/2001/XMLSchema" xmlns:xsi="http://www.w3.org/2001/XMLSchema-instance" Version="0.0.0.0">
  <Summary numSequencePoints="98" visitedSequencePoints="91" numBranchPoints="0" visitedBranchPoints="0" sequenceCoverage="92.86" branchCoverage="0.0" maxCyclomaticComplexity="0" minCyclomaticComplexity="0" maxCrapScore="0" minCrapScore="0" visitedClasses="4" numClasses="4" visitedMethods="20" numMethods="20" />
  <Modules>
    <Module>
      <Summary numSequencePoints="98" visitedSequencePoints="91" numBranchPoints="0" visitedBranchPoints="0" sequenceCoverage="92.86" branchCoverage="0.0" maxCyclomaticComplexity="0" minCyclomaticComplexity="0" maxCrapScore="0" minCrapScore="0" visitedClasses="4" numClasses="4" visitedMethods="20" numMethods="20" />
      <ModuleTime>0001-01-01T00:00:00</ModuleTime>
      <ModuleName>Scripts</ModuleName>
      <Files>
        <File uid="1" fullPath="C:/Users/akmoi/Desktop/AgoraUnity/Assets/Scripts/AgoraRTCManager.cs" />
        <File uid="2" fullPath="C:/Users/akmoi/Desktop/AgoraUnity/Assets/Scripts/AgoraRTMManager.cs" />
        <File uid="3" fullPath="C:/Users/akmoi/Desktop/AgoraUnity/Assets/Scripts/AnchorManager.cs" />
        <File uid="4" fullPath="C:/Users/akmoi/Desktop/AgoraUnity/Assets/Scripts/AnchorSpawner.cs" />
        <File uid="5" fullPath="C:/Users/akmoi/Desktop/AgoraUnity/Assets/Scripts/AudioManager.cs" />
        <File uid="6" fullPath="C:/Users/akmoi/Desktop/AgoraUnity/Assets/Scripts/CallManager.cs" />
        <File uid="7" fullPath="C:/Users/akmoi/Desktop/AgoraUnity/Assets/Scripts/ChatManager.cs" />
        <File uid="8" fullPath="C:/Users/akmoi/Desktop/AgoraUnity/Assets/Scripts/DestroyAnchor.cs" />
        <File uid="9" fullPath="C:/Users/akmoi/Desktop/AgoraUnity/Assets/Scripts/LookAtCamera.cs" />
        <File uid="10" fullPath="C:/Users/akmoi/Desktop/AgoraUnity/Assets/Scripts/PermissionHelper.cs" />
        <File uid="11" fullPath="C:/Users/akmoi/Desktop/AgoraUnity/Assets/Scripts/Popup.cs" />
        <File uid="12" fullPath="C:/Users/akmoi/Desktop/AgoraUnity/Assets/Scripts/Prova.cs" />
        <File uid="13" fullPath="C:/Users/akmoi/Desktop/AgoraUnity/Assets/Scripts/User.cs" />
        <File uid="14" fullPath="C:/Users/akmoi/Desktop/AgoraUnity/Assets/Scripts/UserManager.cs" />
      </Files>
      <Classes>
        <Class>
          <Summary numSequencePoints="63" visitedSequencePoints="58" numBranchPoints="0" visitedBranchPoints="0" sequenceCoverage="92.06" branchCoverage="0.0" maxCyclomaticComplexity="0" minCyclomaticComplexity="0" maxCrapScore="0" minCrapScore="0" visitedClasses="1" numClasses="1" visitedMethods="8" numMethods="8" />
          <FullName>AnchorManager</FullName>
          <Methods>
            <Method visited="true" cyclomaticComplexity="0" nPathComplexity="0" sequenceCoverage="85.71" branchCoverage="0" crapScore="0" isConstructor="false" isStatic="false" isGetter="false" isSetter="false">
              <Summary numSequencePoints="7" visitedSequencePoints="6" numBranchPoints="0" visitedBranchPoints="0" sequenceCoverage="85.71" branchCoverage="0" maxCyclomaticComplexity="0" minCyclomaticComplexity="0" maxCrapScore="0" minCrapScore="0" visitedClasses="0" numClasses="0" visitedMethods="1" numMethods="1" />
              <MetadataToken>100663340</MetadataToken>
              <Name>System.Void AnchorManager::Start()</Name>
              <FileRef uid="3" />
              <SequencePoints>
                <SequencePoint vc="3" uspid="1040" ordinal="0" offset="0" sl="17" sc="5" el="17" ec="5" bec="0" bev="0" fileid="3" />
                <SequencePoint vc="3" uspid="1041" ordinal="0" offset="1" sl="18" sc="9" el="18" ec="9" bec="0" bev="0" fileid="3" />
                <SequencePoint vc="0" uspid="1042" ordinal="0" offset="16" sl="19" sc="13" el="19" ec="13" bec="0" bev="0" fileid="3" />
                <SequencePoint vc="3" uspid="1043" ordinal="0" offset="24" sl="21" sc="9" el="21" ec="9" bec="0" bev="0" fileid="3" />
                <SequencePoint vc="3" uspid="1044" ordinal="0" offset="25" sl="22" sc="13" el="22" ec="13" bec="0" bev="0" fileid="3" />
                <SequencePoint vc="3" uspid="1045" ordinal="0" offset="32" sl="23" sc="9" el="23" ec="9" bec="0" bev="0" fileid="3" />
                <SequencePoint vc="3" uspid="1046" ordinal="0" offset="33" sl="24" sc="5" el="24" ec="5" bec="0" bev="0" fileid="3" />
              </SequencePoints>
              <BranchPoints />
            </Method>
            <Method visited="true" cyclomaticComplexity="0" nPathComplexity="0" sequenceCoverage="100.0" branchCoverage="0" crapScore="0" isConstructor="false" isStatic="false" isGetter="false" isSetter="false">
              <Summary numSequencePoints="5" visitedSequencePoints="5" numBranchPoints="0" visitedBranchPoints="0" sequenceCoverage="100.0" branchCoverage="0" maxCyclomaticComplexity="0" minCyclomaticComplexity="0" maxCrapScore="0" minCrapScore="0" visitedClasses="0" numClasses="0" visitedMethods="1" numMethods="1" />
              <MetadataToken>100663341</MetadataToken>
              <Name>System.Void AnchorManager::AddAnchor(UnityEngine.GameObject)</Name>
              <FileRef uid="3" />
              <SequencePoints>
                <SequencePoint vc="6" uspid="1047" ordinal="0" offset="0" sl="27" sc="5" el="27" ec="5" bec="0" bev="0" fileid="3" />
                <SequencePoint vc="6" uspid="1048" ordinal="0" offset="1" sl="28" sc="9" el="28" ec="9" bec="0" bev="0" fileid="3" />
                <SequencePoint vc="6" uspid="1049" ordinal="0" offset="14" sl="29" sc="9" el="29" ec="9" bec="0" bev="0" fileid="3" />
                <SequencePoint vc="6" uspid="1050" ordinal="0" offset="27" sl="30" sc="9" el="30" ec="9" bec="0" bev="0" fileid="3" />
                <SequencePoint vc="6" uspid="1051" ordinal="0" offset="34" sl="31" sc="5" el="31" ec="5" bec="0" bev="0" fileid="3" />
              </SequencePoints>
              <BranchPoints />
            </Method>
            <Method visited="true" cyclomaticComplexity="0" nPathComplexity="0" sequenceCoverage="100.0" branchCoverage="0" crapScore="0" isConstructor="false" isStatic="false" isGetter="false" isSetter="false">
              <Summary numSequencePoints="12" visitedSequencePoints="12" numBranchPoints="0" visitedBranchPoints="0" sequenceCoverage="100.0" branchCoverage="0" maxCyclomaticComplexity="0" minCyclomaticComplexity="0" maxCrapScore="0" minCrapScore="0" visitedClasses="0" numClasses="0" visitedMethods="1" numMethods="1" />
              <MetadataToken>100663342</MetadataToken>
              <Name>System.Void AnchorManager::TryAssignAnchorToWaitingUser()</Name>
              <FileRef uid="3" />
              <SequencePoints>
                <SequencePoint vc="6" uspid="1052" ordinal="0" offset="0" sl="34" sc="5" el="34" ec="5" bec="0" bev="0" fileid="3" />
                <SequencePoint vc="6" uspid="1053" ordinal="0" offset="1" sl="35" sc="9" el="35" ec="9" bec="0" bev="0" fileid="3" />
                <SequencePoint vc="1" uspid="1054" ordinal="0" offset="14" sl="37" sc="9" el="37" ec="9" bec="0" bev="0" fileid="3" />
                <SequencePoint vc="1" uspid="1055" ordinal="0" offset="15" sl="38" sc="13" el="38" ec="13" bec="0" bev="0" fileid="3" />
                <SequencePoint vc="1" uspid="1056" ordinal="0" offset="28" sl="39" sc="13" el="39" ec="13" bec="0" bev="0" fileid="3" />
                <SequencePoint vc="1" uspid="1057" ordinal="0" offset="41" sl="41" sc="13" el="41" ec="13" bec="0" bev="0" fileid="3" />
                <SequencePoint vc="1" uspid="1058" ordinal="0" offset="49" sl="42" sc="13" el="42" ec="13" bec="0" bev="0" fileid="3" />
                <SequencePoint vc="1" uspid="1059" ordinal="0" offset="57" sl="44" sc="13" el="44" ec="13" bec="0" bev="0" fileid="3" />
                <SequencePoint vc="1" uspid="1060" ordinal="0" offset="65" sl="45" sc="13" el="45" ec="13" bec="0" bev="0" fileid="3" />
                <SequencePoint vc="1" uspid="1061" ordinal="0" offset="73" sl="46" sc="9" el="46" ec="9" bec="0" bev="0" fileid="3" />
                <SequencePoint vc="7" uspid="1062" ordinal="0" offset="74" sl="36" sc="9" el="36" ec="9" bec="0" bev="0" fileid="3" />
                <SequencePoint vc="6" uspid="1063" ordinal="0" offset="104" sl="47" sc="5" el="47" ec="5" bec="0" bev="0" fileid="3" />
              </SequencePoints>
              <BranchPoints />
            </Method>
            <Method visited="true" cyclomaticComplexity="0" nPathComplexity="0" sequenceCoverage="100.0" branchCoverage="0" crapScore="0" isConstructor="false" isStatic="false" isGetter="false" isSetter="false">
              <Summary numSequencePoints="3" visitedSequencePoints="3" numBranchPoints="0" visitedBranchPoints="0" sequenceCoverage="100.0" branchCoverage="0" maxCyclomaticComplexity="0" minCyclomaticComplexity="0" maxCrapScore="0" minCrapScore="0" visitedClasses="0" numClasses="0" visitedMethods="1" numMethods="1" />
              <MetadataToken>100663343</MetadataToken>
              <Name>System.Void AnchorManager::AssignAnchorToUser(User)</Name>
              <FileRef uid="3" />
              <SequencePoints>
                <SequencePoint vc="1" uspid="1064" ordinal="0" offset="0" sl="51" sc="5" el="51" ec="5" bec="0" bev="0" fileid="3" />
                <SequencePoint vc="1" uspid="1065" ordinal="0" offset="1" sl="52" sc="9" el="52" ec="9" bec="0" bev="0" fileid="3" />
                <SequencePoint vc="1" uspid="1066" ordinal="0" offset="14" sl="66" sc="5" el="66" ec="5" bec="0" bev="0" fileid="3" />
              </SequencePoints>
              <BranchPoints />
            </Method>
            <Method visited="true" cyclomaticComplexity="0" nPathComplexity="0" sequenceCoverage="66.67" branchCoverage="0" crapScore="0" isConstructor="false" isStatic="false" isGetter="false" isSetter="false">
              <Summary numSequencePoints="12" visitedSequencePoints="8" numBranchPoints="0" visitedBranchPoints="0" sequenceCoverage="66.67" branchCoverage="0" maxCyclomaticComplexity="0" minCyclomaticComplexity="0" maxCrapScore="0" minCrapScore="0" visitedClasses="0" numClasses="0" visitedMethods="1" numMethods="1" />
              <MetadataToken>100663344</MetadataToken>
              <Name>System.Void AnchorManager::SetVideo(User)</Name>
              <FileRef uid="3" />
              <SequencePoints>
                <SequencePoint vc="1" uspid="1067" ordinal="0" offset="6" sl="69" sc="5" el="69" ec="5" bec="0" bev="0" fileid="3" />
                <SequencePoint vc="1" uspid="1068" ordinal="0" offset="7" sl="70" sc="9" el="70" ec="9" bec="0" bev="0" fileid="3" />
                <SequencePoint vc="1" uspid="1069" ordinal="0" offset="24" sl="71" sc="9" el="71" ec="9" bec="0" bev="0" fileid="3" />
                <SequencePoint vc="1" uspid="1070" ordinal="0" offset="31" sl="72" sc="9" el="72" ec="9" bec="0" bev="0" fileid="3" />
                <SequencePoint vc="0" uspid="1071" ordinal="0" offset="43" sl="73" sc="9" el="73" ec="9" bec="0" bev="0" fileid="3" />
                <SequencePoint vc="0" uspid="1072" ordinal="0" offset="44" sl="74" sc="13" el="74" ec="13" bec="0" bev="0" fileid="3" />
                <SequencePoint vc="0" uspid="1073" ordinal="0" offset="65" sl="76" sc="13" el="76" ec="13" bec="0" bev="0" fileid="3" />
                <SequencePoint vc="0" uspid="1074" ordinal="0" offset="89" sl="94" sc="9" el="94" ec="9" bec="0" bev="0" fileid="3" />
                <SequencePoint vc="1" uspid="1075" ordinal="0" offset="92" sl="96" sc="9" el="96" ec="9" bec="0" bev="0" fileid="3" />
                <SequencePoint vc="1" uspid="1076" ordinal="0" offset="93" sl="97" sc="13" el="97" ec="13" bec="0" bev="0" fileid="3" />
                <SequencePoint vc="1" uspid="1077" ordinal="0" offset="115" sl="98" sc="9" el="98" ec="9" bec="0" bev="0" fileid="3" />
                <SequencePoint vc="1" uspid="1078" ordinal="0" offset="116" sl="99" sc="5" el="99" ec="5" bec="0" bev="0" fileid="3" />
              </SequencePoints>
              <BranchPoints />
            </Method>
            <Method visited="true" cyclomaticComplexity="0" nPathComplexity="0" sequenceCoverage="100.0" branchCoverage="0" crapScore="0" isConstructor="false" isStatic="false" isGetter="false" isSetter="false">
              <Summary numSequencePoints="11" visitedSequencePoints="11" numBranchPoints="0" visitedBranchPoints="0" sequenceCoverage="100.0" branchCoverage="0" maxCyclomaticComplexity="0" minCyclomaticComplexity="0" maxCrapScore="0" minCrapScore="0" visitedClasses="0" numClasses="0" visitedMethods="1" numMethods="1" />
              <MetadataToken>100663345</MetadataToken>
              <Name>System.Void AnchorManager::RemoveAnchor(UnityEngine.GameObject)</Name>
              <FileRef uid="3" />
              <SequencePoints>
                <SequencePoint vc="2" uspid="1079" ordinal="0" offset="13" sl="102" sc="5" el="102" ec="5" bec="0" bev="0" fileid="3" />
                <SequencePoint vc="2" uspid="1080" ordinal="0" offset="14" sl="103" sc="9" el="103" ec="9" bec="0" bev="0" fileid="3" />
                <SequencePoint vc="2" uspid="1081" ordinal="0" offset="42" sl="104" sc="9" el="104" ec="9" bec="0" bev="0" fileid="3" />
                <SequencePoint vc="1" uspid="1082" ordinal="0" offset="50" sl="105" sc="9" el="105" ec="9" bec="0" bev="0" fileid="3" />
                <SequencePoint vc="1" uspid="1083" ordinal="0" offset="51" sl="106" sc="13" el="106" ec="13" bec="0" bev="0" fileid="3" />
                <SequencePoint vc="1" uspid="1084" ordinal="0" offset="59" sl="107" sc="13" el="107" ec="13" bec="0" bev="0" fileid="3" />
                <SequencePoint vc="1" uspid="1085" ordinal="0" offset="71" sl="108" sc="9" el="108" ec="9" bec="0" bev="0" fileid="3" />
                <SequencePoint vc="2" uspid="1086" ordinal="0" offset="72" sl="110" sc="9" el="110" ec="9" bec="0" bev="0" fileid="3" />
                <SequencePoint vc="2" uspid="1087" ordinal="0" offset="90" sl="111" sc="9" el="111" ec="9" bec="0" bev="0" fileid="3" />
                <SequencePoint vc="2" uspid="1088" ordinal="0" offset="108" sl="112" sc="9" el="112" ec="9" bec="0" bev="0" fileid="3" />
                <SequencePoint vc="2" uspid="1089" ordinal="0" offset="120" sl="113" sc="5" el="113" ec="5" bec="0" bev="0" fileid="3" />
              </SequencePoints>
              <BranchPoints />
            </Method>
            <Method visited="true" cyclomaticComplexity="0" nPathComplexity="0" sequenceCoverage="100.0" branchCoverage="0" crapScore="0" isConstructor="false" isStatic="false" isGetter="false" isSetter="false">
              <Summary numSequencePoints="11" visitedSequencePoints="11" numBranchPoints="0" visitedBranchPoints="0" sequenceCoverage="100.0" branchCoverage="0" maxCyclomaticComplexity="0" minCyclomaticComplexity="0" maxCrapScore="0" minCrapScore="0" visitedClasses="0" numClasses="0" visitedMethods="1" numMethods="1" />
              <MetadataToken>100663346</MetadataToken>
              <Name>System.Void AnchorManager::OnCallQuit()</Name>
              <FileRef uid="3" />
              <SequencePoints>
                <SequencePoint vc="1" uspid="1090" ordinal="0" offset="0" sl="116" sc="5" el="116" ec="5" bec="0" bev="0" fileid="3" />
                <SequencePoint vc="1" uspid="1091" ordinal="0" offset="1" sl="117" sc="9" el="117" ec="9" bec="0" bev="0" fileid="3" />
                <SequencePoint vc="1" uspid="1092" ordinal="0" offset="2" sl="117" sc="32" el="117" ec="32" bec="0" bev="0" fileid="3" />
                <SequencePoint vc="2" uspid="1093" ordinal="0" offset="16" sl="117" sc="18" el="117" ec="18" bec="0" bev="0" fileid="3" />
                <SequencePoint vc="2" uspid="1094" ordinal="0" offset="24" sl="118" sc="9" el="118" ec="9" bec="0" bev="0" fileid="3" />
                <SequencePoint vc="2" uspid="1095" ordinal="0" offset="25" sl="119" sc="13" el="119" ec="13" bec="0" bev="0" fileid="3" />
                <SequencePoint vc="2" uspid="1096" ordinal="0" offset="32" sl="120" sc="9" el="120" ec="9" bec="0" bev="0" fileid="3" />
                <SequencePoint vc="3" uspid="1097" ordinal="0" offset="33" sl="117" sc="29" el="117" ec="29" bec="0" bev="0" fileid="3" />
                <SequencePoint vc="1" uspid="1098" ordinal="0" offset="59" sl="122" sc="9" el="122" ec="9" bec="0" bev="0" fileid="3" />
                <SequencePoint vc="1" uspid="1099" ordinal="0" offset="71" sl="123" sc="9" el="123" ec="9" bec="0" bev="0" fileid="3" />
                <SequencePoint vc="1" uspid="1100" ordinal="0" offset="83" sl="124" sc="5" el="124" ec="5" bec="0" bev="0" fileid="3" />
              </SequencePoints>
              <BranchPoints />
            </Method>
            <Method visited="true" cyclomaticComplexity="0" nPathComplexity="0" sequenceCoverage="100.0" branchCoverage="0" crapScore="0" isConstructor="true" isStatic="false" isGetter="false" isSetter="false">
              <Summary numSequencePoints="2" visitedSequencePoints="2" numBranchPoints="0" visitedBranchPoints="0" sequenceCoverage="100.0" branchCoverage="0" maxCyclomaticComplexity="0" minCyclomaticComplexity="0" maxCrapScore="0" minCrapScore="0" visitedClasses="0" numClasses="0" visitedMethods="1" numMethods="1" />
              <MetadataToken>100663347</MetadataToken>
              <Name>AnchorManager::AnchorManager()</Name>
              <FileRef uid="3" />
              <SequencePoints>
                <SequencePoint vc="9" uspid="1101" ordinal="0" offset="0" sl="12" sc="22" el="12" ec="22" bec="0" bev="0" fileid="3" />
                <SequencePoint vc="9" uspid="1102" ordinal="0" offset="11" sl="13" sc="5" el="13" ec="5" bec="0" bev="0" fileid="3" />
              </SequencePoints>
              <BranchPoints />
            </Method>
          </Methods>
        </Class>
        <Class>
          <Summary numSequencePoints="19" visitedSequencePoints="18" numBranchPoints="0" visitedBranchPoints="0" sequenceCoverage="94.74" branchCoverage="0.0" maxCyclomaticComplexity="0" minCyclomaticComplexity="0" maxCrapScore="0" minCrapScore="0" visitedClasses="1" numClasses="1" visitedMethods="4" numMethods="4" />
          <FullName>User</FullName>
          <Methods>
            <Method visited="true" cyclomaticComplexity="0" nPathComplexity="0" sequenceCoverage="100.0" branchCoverage="0" crapScore="0" isConstructor="false" isStatic="false" isGetter="true" isSetter="false">
              <Summary numSequencePoints="1" visitedSequencePoints="1" numBranchPoints="0" visitedBranchPoints="0" sequenceCoverage="100.0" branchCoverage="0" maxCyclomaticComplexity="0" minCyclomaticComplexity="0" maxCrapScore="0" minCrapScore="0" visitedClasses="0" numClasses="0" visitedMethods="1" numMethods="1" />
              <MetadataToken>100663390</MetadataToken>
              <Name>UnityEngine.GameObject User::get_Anchor()</Name>
              <FileRef uid="13" />
              <SequencePoints>
                <SequencePoint vc="4" uspid="1309" ordinal="0" offset="0" sl="26" sc="14" el="26" ec="14" bec="0" bev="0" fileid="13" />
              </SequencePoints>
              <BranchPoints />
            </Method>
            <Method visited="true" cyclomaticComplexity="0" nPathComplexity="0" sequenceCoverage="88.89" branchCoverage="0" crapScore="0" isConstructor="false" isStatic="false" isGetter="false" isSetter="true">
              <Summary numSequencePoints="9" visitedSequencePoints="8" numBranchPoints="0" visitedBranchPoints="0" sequenceCoverage="88.89" branchCoverage="0" maxCyclomaticComplexity="0" minCyclomaticComplexity="0" maxCrapScore="0" minCrapScore="0" visitedClasses="0" numClasses="0" visitedMethods="1" numMethods="1" />
              <MetadataToken>100663391</MetadataToken>
              <Name>System.Void User::set_Anchor(UnityEngine.GameObject)</Name>
              <FileRef uid="13" />
              <SequencePoints>
                <SequencePoint vc="3" uspid="1310" ordinal="0" offset="0" sl="28" sc="7" el="28" ec="7" bec="0" bev="0" fileid="13" />
                <SequencePoint vc="3" uspid="1311" ordinal="0" offset="1" sl="29" sc="10" el="29" ec="10" bec="0" bev="0" fileid="13" />
                <SequencePoint vc="3" uspid="1312" ordinal="0" offset="8" sl="30" sc="10" el="30" ec="10" bec="0" bev="0" fileid="13" />
                <SequencePoint vc="2" uspid="1313" ordinal="0" offset="40" sl="31" sc="10" el="31" ec="10" bec="0" bev="0" fileid="13" />
                <SequencePoint vc="2" uspid="1314" ordinal="0" offset="41" sl="32" sc="13" el="32" ec="13" bec="0" bev="0" fileid="13" />
                <SequencePoint vc="2" uspid="1315" ordinal="0" offset="58" sl="34" sc="13" el="34" ec="13" bec="0" bev="0" fileid="13" />
                <SequencePoint vc="0" uspid="1316" ordinal="0" offset="73" sl="35" sc="16" el="35" ec="16" bec="0" bev="0" fileid="13" />
                <SequencePoint vc="2" uspid="1317" ordinal="0" offset="96" sl="36" sc="10" el="36" ec="10" bec="0" bev="0" fileid="13" />
                <SequencePoint vc="3" uspid="1318" ordinal="0" offset="97" sl="37" sc="7" el="37" ec="7" bec="0" bev="0" fileid="13" />
              </SequencePoints>
              <BranchPoints />
            </Method>
            <Method visited="true" cyclomaticComplexity="0" nPathComplexity="0" sequenceCoverage="100.0" branchCoverage="0" crapScore="0" isConstructor="false" isStatic="false" isGetter="true" isSetter="false">
              <Summary numSequencePoints="1" visitedSequencePoints="1" numBranchPoints="0" visitedBranchPoints="0" sequenceCoverage="100.0" branchCoverage="0" maxCyclomaticComplexity="0" minCyclomaticComplexity="0" maxCrapScore="0" minCrapScore="0" visitedClasses="0" numClasses="0" visitedMethods="1" numMethods="1" />
              <MetadataToken>100663396</MetadataToken>
              <Name>System.String User::get_RtcID()</Name>
              <FileRef uid="13" />
              <SequencePoints>
                <SequencePoint vc="1" uspid="1323" ordinal="0" offset="0" sl="54" sc="14" el="54" ec="14" bec="0" bev="0" fileid="13" />
              </SequencePoints>
              <BranchPoints />
            </Method>
            <Method visited="true" cyclomaticComplexity="0" nPathComplexity="0" sequenceCoverage="100.0" branchCoverage="0" crapScore="0" isConstructor="true" isStatic="false" isGetter="false" isSetter="false">
              <Summary numSequencePoints="8" visitedSequencePoints="8" numBranchPoints="0" visitedBranchPoints="0" sequenceCoverage="100.0" branchCoverage="0" maxCyclomaticComplexity="0" minCyclomaticComplexity="0" maxCrapScore="0" minCrapScore="0" visitedClasses="0" numClasses="0" visitedMethods="1" numMethods="1" />
              <MetadataToken>100663398</MetadataToken>
              <Name>User::User(System.String, System.String, UnityEngine.GameObject, System.String)</Name>
              <FileRef uid="13" />
              <SequencePoints>
                <SequencePoint vc="3" uspid="1325" ordinal="0" offset="0" sl="10" sc="4" el="10" ec="4" bec="0" bev="0" fileid="13" />
                <SequencePoint vc="3" uspid="1326" ordinal="0" offset="7" sl="58" sc="4" el="58" ec="4" bec="0" bev="0" fileid="13" />
                <SequencePoint vc="3" uspid="1327" ordinal="0" offset="14" sl="59" sc="4" el="59" ec="4" bec="0" bev="0" fileid="13" />
                <SequencePoint vc="3" uspid="1328" ordinal="0" offset="15" sl="60" sc="7" el="60" ec="7" bec="0" bev="0" fileid="13" />
                <SequencePoint vc="3" uspid="1329" ordinal="0" offset="22" sl="61" sc="7" el="61" ec="7" bec="0" bev="0" fileid="13" />
                <SequencePoint vc="3" uspid="1330" ordinal="0" offset="29" sl="62" sc="7" el="62" ec="7" bec="0" bev="0" fileid="13" />
                <SequencePoint vc="3" uspid="1331" ordinal="0" offset="36" sl="63" sc="7" el="63" ec="7" bec="0" bev="0" fileid="13" />
                <SequencePoint vc="3" uspid="1332" ordinal="0" offset="44" sl="64" sc="4" el="64" ec="4" bec="0" bev="0" fileid="13" />
              </SequencePoints>
              <BranchPoints />
            </Method>
          </Methods>
        </Class>
        <Class>
          <Summary numSequencePoints="15" visitedSequencePoints="14" numBranchPoints="0" visitedBranchPoints="0" sequenceCoverage="93.33" branchCoverage="0.0" maxCyclomaticComplexity="0" minCyclomaticComplexity="0" maxCrapScore="0" minCrapScore="0" visitedClasses="1" numClasses="1" visitedMethods="7" numMethods="7" />
          <FullName>UserManager</FullName>
          <Methods>
            <Method visited="true" cyclomaticComplexity="0" nPathComplexity="0" sequenceCoverage="100.0" branchCoverage="0" crapScore="0" isConstructor="false" isStatic="false" isGetter="true" isSetter="false">
              <Summary numSequencePoints="1" visitedSequencePoints="1" numBranchPoints="0" visitedBranchPoints="0" sequenceCoverage="100.0" branchCoverage="0" maxCyclomaticComplexity="0" minCyclomaticComplexity="0" maxCrapScore="0" minCrapScore="0" visitedClasses="0" numClasses="0" visitedMethods="1" numMethods="1" />
              <MetadataToken>100663399</MetadataToken>
              <Name>System.Collections.Generic.List[User] UserManager::get_WaitingUsers()</Name>
              <FileRef uid="14" />
              <SequencePoints>
                <SequencePoint vc="6" uspid="1333" ordinal="0" offset="0" sl="15" sc="16" el="15" ec="16" bec="0" bev="0" fileid="14" />
              </SequencePoints>
              <BranchPoints />
            </Method>
            <Method visited="true" cyclomaticComplexity="0" nPathComplexity="0" sequenceCoverage="100.0" branchCoverage="0" crapScore="0" isConstructor="false" isStatic="false" isGetter="false" isSetter="true">
              <Summary numSequencePoints="1" visitedSequencePoints="1" numBranchPoints="0" visitedBranchPoints="0" sequenceCoverage="100.0" branchCoverage="0" maxCyclomaticComplexity="0" minCyclomaticComplexity="0" maxCrapScore="0" minCrapScore="0" visitedClasses="0" numClasses="0" visitedMethods="1" numMethods="1" />
              <MetadataToken>100663400</MetadataToken>
              <Name>System.Void UserManager::set_WaitingUsers(System.Collections.Generic.List[User])</Name>
              <FileRef uid="14" />
              <SequencePoints>
                <SequencePoint vc="1" uspid="1334" ordinal="0" offset="0" sl="16" sc="16" el="16" ec="16" bec="0" bev="0" fileid="14" />
              </SequencePoints>
              <BranchPoints />
            </Method>
            <Method visited="true" cyclomaticComplexity="0" nPathComplexity="0" sequenceCoverage="100.0" branchCoverage="0" crapScore="0" isConstructor="false" isStatic="false" isGetter="true" isSetter="false">
              <Summary numSequencePoints="1" visitedSequencePoints="1" numBranchPoints="0" visitedBranchPoints="0" sequenceCoverage="100.0" branchCoverage="0" maxCyclomaticComplexity="0" minCyclomaticComplexity="0" maxCrapScore="0" minCrapScore="0" visitedClasses="0" numClasses="0" visitedMethods="1" numMethods="1" />
              <MetadataToken>100663403</MetadataToken>
              <Name>System.Collections.Generic.List[User] UserManager::get_Users()</Name>
              <FileRef uid="14" />
              <SequencePoints>
                <SequencePoint vc="2" uspid="1337" ordinal="0" offset="0" sl="25" sc="16" el="25" ec="16" bec="0" bev="0" fileid="14" />
              </SequencePoints>
              <BranchPoints />
            </Method>
            <Method visited="true" cyclomaticComplexity="0" nPathComplexity="0" sequenceCoverage="100.0" branchCoverage="0" crapScore="0" isConstructor="false" isStatic="false" isGetter="false" isSetter="true">
              <Summary numSequencePoints="1" visitedSequencePoints="1" numBranchPoints="0" visitedBranchPoints="0" sequenceCoverage="100.0" branchCoverage="0" maxCyclomaticComplexity="0" minCyclomaticComplexity="0" maxCrapScore="0" minCrapScore="0" visitedClasses="0" numClasses="0" visitedMethods="1" numMethods="1" />
              <MetadataToken>100663404</MetadataToken>
              <Name>System.Void UserManager::set_Users(System.Collections.Generic.List[User])</Name>
              <FileRef uid="14" />
              <SequencePoints>
                <SequencePoint vc="1" uspid="1338" ordinal="0" offset="0" sl="26" sc="16" el="26" ec="16" bec="0" bev="0" fileid="14" />
              </SequencePoints>
              <BranchPoints />
            </Method>
            <Method visited="true" cyclomaticComplexity="0" nPathComplexity="0" sequenceCoverage="80.00" branchCoverage="0" crapScore="0" isConstructor="false" isStatic="false" isGetter="false" isSetter="false">
              <Summary numSequencePoints="5" visitedSequencePoints="4" numBranchPoints="0" visitedBranchPoints="0" sequenceCoverage="80.00" branchCoverage="0" maxCyclomaticComplexity="0" minCyclomaticComplexity="0" maxCrapScore="0" minCrapScore="0" visitedClasses="0" numClasses="0" visitedMethods="1" numMethods="1" />
              <MetadataToken>100663405</MetadataToken>
              <Name>System.Void UserManager::Start()</Name>
              <FileRef uid="14" />
              <SequencePoints>
                <SequencePoint vc="1" uspid="1339" ordinal="0" offset="0" sl="30" sc="5" el="30" ec="5" bec="0" bev="0" fileid="14" />
                <SequencePoint vc="1" uspid="1340" ordinal="0" offset="1" sl="31" sc="9" el="31" ec="9" bec="0" bev="0" fileid="14" />
                <SequencePoint vc="0" uspid="1341" ordinal="0" offset="16" sl="32" sc="13" el="32" ec="13" bec="0" bev="0" fileid="14" />
                <SequencePoint vc="1" uspid="1342" ordinal="0" offset="24" sl="34" sc="13" el="34" ec="13" bec="0" bev="0" fileid="14" />
                <SequencePoint vc="1" uspid="1343" ordinal="0" offset="31" sl="35" sc="5" el="35" ec="5" bec="0" bev="0" fileid="14" />
              </SequencePoints>
              <BranchPoints />
            </Method>
            <Method visited="true" cyclomaticComplexity="0" nPathComplexity="0" sequenceCoverage="100.0" branchCoverage="0" crapScore="0" isConstructor="false" isStatic="false" isGetter="false" isSetter="false">
              <Summary numSequencePoints="4" visitedSequencePoints="4" numBranchPoints="0" visitedBranchPoints="0" sequenceCoverage="100.0" branchCoverage="0" maxCyclomaticComplexity="0" minCyclomaticComplexity="0" maxCrapScore="0" minCrapScore="0" visitedClasses="0" numClasses="0" visitedMethods="1" numMethods="1" />
              <MetadataToken>100663408</MetadataToken>
              <Name>System.Void UserManager::AddWaitingUser(User)</Name>
              <FileRef uid="14" />
              <SequencePoints>
                <SequencePoint vc="1" uspid="1352" ordinal="0" offset="0" sl="50" sc="5" el="50" ec="5" bec="0" bev="0" fileid="14" />
                <SequencePoint vc="1" uspid="1353" ordinal="0" offset="1" sl="51" sc="9" el="51" ec="9" bec="0" bev="0" fileid="14" />
                <SequencePoint vc="1" uspid="1354" ordinal="0" offset="20" sl="52" sc="13" el="52" ec="13" bec="0" bev="0" fileid="14" />
                <SequencePoint vc="1" uspid="1355" ordinal="0" offset="33" sl="53" sc="5" el="53" ec="5" bec="0" bev="0" fileid="14" />
              </SequencePoints>
              <BranchPoints />
            </Method>
            <Method visited="true" cyclomaticComplexity="0" nPathComplexity="0" sequenceCoverage="100.0" branchCoverage="0" crapScore="0" isConstructor="true" isStatic="false" isGetter="false" isSetter="false">
              <Summary numSequencePoints="2" visitedSequencePoints="2" numBranchPoints="0" visitedBranchPoints="0" sequenceCoverage="100.0" branchCoverage="0" maxCyclomaticComplexity="0" minCyclomaticComplexity="0" maxCrapScore="0" minCrapScore="0" visitedClasses="0" numClasses="0" visitedMethods="1" numMethods="1" />
              <MetadataToken>100663412</MetadataToken>
              <Name>UserManager::UserManager()</Name>
              <FileRef uid="14" />
              <SequencePoints>
                <SequencePoint vc="9" uspid="1374" ordinal="0" offset="0" sl="10" sc="22" el="10" ec="22" bec="0" bev="0" fileid="14" />
                <SequencePoint vc="9" uspid="1375" ordinal="0" offset="11" sl="11" sc="5" el="11" ec="5" bec="0" bev="0" fileid="14" />
              </SequencePoints>
              <BranchPoints />
            </Method>
          </Methods>
        </Class>
        <Class>
          <Summary numSequencePoints="1" visitedSequencePoints="1" numBranchPoints="0" visitedBranchPoints="0" sequenceCoverage="100.0" branchCoverage="0.0" maxCyclomaticComplexity="0" minCyclomaticComplexity="0" maxCrapScore="0" minCrapScore="0" visitedClasses="1" numClasses="1" visitedMethods="1" numMethods="1" />
          <FullName>AnchorManager/&lt;&gt;c__DisplayClass9_0</FullName>
          <Methods>
            <Method visited="true" cyclomaticComplexity="0" nPathComplexity="0" sequenceCoverage="100.0" branchCoverage="0" crapScore="0" isConstructor="false" isStatic="false" isGetter="false" isSetter="false">
              <Summary numSequencePoints="1" visitedSequencePoints="1" numBranchPoints="0" visitedBranchPoints="0" sequenceCoverage="100.0" branchCoverage="0" maxCyclomaticComplexity="0" minCyclomaticComplexity="0" maxCrapScore="0" minCrapScore="0" visitedClasses="0" numClasses="0" visitedMethods="1" numMethods="1" />
              <MetadataToken>100663436</MetadataToken>
              <Name>System.Boolean AnchorManager/&lt;&gt;c__DisplayClass9_0::&lt;RemoveAnchor&gt;b__0(User)</Name>
              <FileRef uid="3" />
              <SequencePoints>
                <SequencePoint vc="1" uspid="1523" ordinal="0" offset="0" sl="103" sc="65" el="103" ec="65" bec="0" bev="0" fileid="3" />
              </SequencePoints>
              <BranchPoints />
            </Method>
          </Methods>
        </Class>
      </Classes>
    </Module>
  </Modules>
</CoverageSession>